<?xml version="1.0" encoding="UTF-8" standalone="yes"?>
<testsuites name="smoketest" time="1131" tests="17" failures="0" errors="0">
    <testsuite name="smoketest" tests="17" failures="0" errors="0" time="1131" timestamp="2019-09-30 10:24:58" hostname="sudheer.indlamudi - Z5X-HYD-DT008.zee.esselgroup.local" id="Test Suites/smoketest">
        <properties>
            <property name="deviceName" value="samsung SM-A205F (Android 9)"/>
            <property name="devicePlatform" value=""/>
            <property name="logFolder" value="D:\\Neighbourhood\\Reports\\smoketest\\20190930_102451"/>
            <property name="logFiles" value="D:\\Neighbourhood\\Reports\\smoketest\\20190930_102451\\appium.log, D:\\Neighbourhood\\Reports\\smoketest\\20190930_102451\\execution0.log"/>
            <property name="attachments" value=""/>
            <property name="hostName" value="sudheer.indlamudi - Z5X-HYD-DT008.zee.esselgroup.local"/>
            <property name="os" value="Windows 10 64bit"/>
            <property name="katalonVersion" value="6.2.1.2"/>
            <property name="deviceOS" value="Android"/>
            <property name="appiumVersion" value="1.14.2"/>
            <property name="deviceModel" value="SM-A205F"/>
            <property name="hostAddress" value="10.33.82.141"/>
            <property name="deviceManufacturer" value="samsung"/>
            <property name="deviceId" value="RZ8M54CFBPR"/>
            <property name="deviceName" value="samsung SM-A205F (Android 9)"/>
            <property name="deviceOSVersion" value="9"/>
        </properties>
        <testcase name="Test Cases/Create_Poll" classname="Test Cases/Create_Poll" status="PASSED">
            <system-out>2019-09-30 10:24:59 - [TEST_CASE][PASSED] - Test Cases/Create_Poll: Test Cases/Create_Poll&#xD;
&#xD;
2019-09-30 10:24:59 - [TEST_STEP][PASSED] - startApplication("C:\Users\sudheer.indlamudi\Downloads\india.com-v1.2.2.apk", true): Started app at: 'C:\Users\sudheer.indlamudi\Downloads\india.com-v1.2.2.apk'&#xD;
&#xD;
2019-09-30 10:25:17 - [MESSAGE][INFO] - Appium server started on port 58,032&#xD;
&#xD;
2019-09-30 10:25:43 - [MESSAGE][PASSED] - Started app at: 'C:\Users\sudheer.indlamudi\Downloads\india.com-v1.2.2.apk'&#xD;
&#xD;
2019-09-30 10:25:43 - [TEST_STEP][PASSED] - tap(findTestObject("Create_poll/android.widget.TextView0 - NEXT"), 0): Tapped on element 'Object Repository/Create_poll/android.widget.TextView0 - NEXT'&#xD;
&#xD;
2019-09-30 10:25:43 - [MESSAGE][WARNING] - Timeout '0' is invalid. Using default page load timeout: '30'&#xD;
&#xD;
2019-09-30 10:25:47 - [MESSAGE][PASSED] - Tapped on element 'Object Repository/Create_poll/android.widget.TextView0 - NEXT'&#xD;
&#xD;
2019-09-30 10:25:47 - [TEST_STEP][PASSED] - tap(findTestObject("Create_poll/android.widget.TextView0 - LOGIN"), 0): Tapped on element 'Object Repository/Create_poll/android.widget.TextView0 - LOGIN'&#xD;
&#xD;
2019-09-30 10:25:47 - [MESSAGE][WARNING] - Timeout '0' is invalid. Using default page load timeout: '30'&#xD;
&#xD;
2019-09-30 10:25:49 - [MESSAGE][PASSED] - Tapped on element 'Object Repository/Create_poll/android.widget.TextView0 - LOGIN'&#xD;
&#xD;
2019-09-30 10:25:49 - [TEST_STEP][PASSED] - setText(findTestObject("Create_poll/android.widget.EditText0 - Email ID"), "sudheer@mailnesia.com", 0): Text 'sudheer@mailnesia.com' has been set to element 'Object Repository/Create_poll/android.widget.EditText0 - Email ID'&#xD;
&#xD;
2019-09-30 10:25:49 - [MESSAGE][WARNING] - Timeout '0' is invalid. Using default page load timeout: '30'&#xD;
&#xD;
2019-09-30 10:25:50 - [MESSAGE][PASSED] - Text 'sudheer@mailnesia.com' has been set to element 'Object Repository/Create_poll/android.widget.EditText0 - Email ID'&#xD;
&#xD;
2019-09-30 10:25:50 - [TEST_STEP][PASSED] - setText(findTestObject("Create_poll/android.widget.EditText0 - Password"), "1234567", 0): Text '1234567' has been set to element 'Object Repository/Create_poll/android.widget.EditText0 - Password'&#xD;
&#xD;
2019-09-30 10:25:50 - [MESSAGE][WARNING] - Timeout '0' is invalid. Using default page load timeout: '30'&#xD;
&#xD;
2019-09-30 10:25:52 - [MESSAGE][PASSED] - Text '1234567' has been set to element 'Object Repository/Create_poll/android.widget.EditText0 - Password'&#xD;
&#xD;
2019-09-30 10:25:52 - [TEST_STEP][PASSED] - tap(findTestObject("Create_poll/android.widget.ImageButton0"), 0): Tapped on element 'Object Repository/Create_poll/android.widget.ImageButton0'&#xD;
&#xD;
2019-09-30 10:25:52 - [MESSAGE][WARNING] - Timeout '0' is invalid. Using default page load timeout: '30'&#xD;
&#xD;
2019-09-30 10:25:54 - [MESSAGE][PASSED] - Tapped on element 'Object Repository/Create_poll/android.widget.ImageButton0'&#xD;
&#xD;
2019-09-30 10:25:54 - [TEST_STEP][PASSED] - tap(findTestObject("Create_poll/android.widget.TextView0 - LOGIN (1)"), 0): Tapped on element 'Object Repository/Create_poll/android.widget.TextView0 - LOGIN (1)'&#xD;
&#xD;
2019-09-30 10:25:54 - [MESSAGE][WARNING] - Timeout '0' is invalid. Using default page load timeout: '30'&#xD;
&#xD;
2019-09-30 10:25:55 - [MESSAGE][PASSED] - Tapped on element 'Object Repository/Create_poll/android.widget.TextView0 - LOGIN (1)'&#xD;
&#xD;
2019-09-30 10:25:55 - [TEST_STEP][PASSED] - tap(findTestObject("Create_poll/android.widget.FrameLayout0"), 0): Tapped on element 'Object Repository/Create_poll/android.widget.FrameLayout0'&#xD;
&#xD;
2019-09-30 10:25:55 - [MESSAGE][WARNING] - Timeout '0' is invalid. Using default page load timeout: '30'&#xD;
&#xD;
2019-09-30 10:26:00 - [MESSAGE][PASSED] - Tapped on element 'Object Repository/Create_poll/android.widget.FrameLayout0'&#xD;
&#xD;
2019-09-30 10:26:00 - [TEST_STEP][PASSED] - tap(findTestObject("Create_poll/android.widget.TextView0 - Poll"), 0): Tapped on element 'Object Repository/Create_poll/android.widget.TextView0 - Poll'&#xD;
&#xD;
2019-09-30 10:26:00 - [MESSAGE][WARNING] - Timeout '0' is invalid. Using default page load timeout: '30'&#xD;
&#xD;
2019-09-30 10:26:02 - [MESSAGE][PASSED] - Tapped on element 'Object Repository/Create_poll/android.widget.TextView0 - Poll'&#xD;
&#xD;
2019-09-30 10:26:02 - [TEST_STEP][PASSED] - setText(findTestObject("Create_Poll_1/android.widget.EditText0 - Ask a question."), "Neighbourhood Automation using katalon ", 0): Text 'Neighbourhood Automation using katalon ' has been set to element 'Object Repository/Create_Poll_1/android.widget.EditText0 - Ask a question.'&#xD;
&#xD;
2019-09-30 10:26:02 - [MESSAGE][WARNING] - Timeout '0' is invalid. Using default page load timeout: '30'&#xD;
&#xD;
2019-09-30 10:26:03 - [MESSAGE][PASSED] - Text 'Neighbourhood Automation using katalon ' has been set to element 'Object Repository/Create_Poll_1/android.widget.EditText0 - Ask a question.'&#xD;
&#xD;
2019-09-30 10:26:03 - [TEST_STEP][PASSED] - setText(findTestObject("Create_Poll_1/android.widget.EditText0 - Option 1 (Max 25 chars)"), "yes", 0): Text 'yes' has been set to element 'Object Repository/Create_Poll_1/android.widget.EditText0 - Option 1 (Max 25 chars)'&#xD;
&#xD;
2019-09-30 10:26:03 - [MESSAGE][WARNING] - Timeout '0' is invalid. Using default page load timeout: '30'&#xD;
&#xD;
2019-09-30 10:26:05 - [MESSAGE][PASSED] - Text 'yes' has been set to element 'Object Repository/Create_Poll_1/android.widget.EditText0 - Option 1 (Max 25 chars)'&#xD;
&#xD;
2019-09-30 10:26:05 - [TEST_STEP][PASSED] - setText(findTestObject("Create_Poll_1/android.widget.EditText0 - Option 2 (Max 25 chars)"), "no", 0): Text 'no' has been set to element 'Object Repository/Create_Poll_1/android.widget.EditText0 - Option 2 (Max 25 chars)'&#xD;
&#xD;
2019-09-30 10:26:05 - [MESSAGE][WARNING] - Timeout '0' is invalid. Using default page load timeout: '30'&#xD;
&#xD;
2019-09-30 10:26:08 - [MESSAGE][PASSED] - Text 'no' has been set to element 'Object Repository/Create_Poll_1/android.widget.EditText0 - Option 2 (Max 25 chars)'&#xD;
&#xD;
2019-09-30 10:26:08 - [TEST_STEP][PASSED] - tap(findTestObject("Create_Poll_1/android.widget.TextView0 - 1 Week"), 0): Tapped on element 'Object Repository/Create_Poll_1/android.widget.TextView0 - 1 Week'&#xD;
&#xD;
2019-09-30 10:26:08 - [MESSAGE][WARNING] - Timeout '0' is invalid. Using default page load timeout: '30'&#xD;
&#xD;
2019-09-30 10:26:12 - [MESSAGE][PASSED] - Tapped on element 'Object Repository/Create_Poll_1/android.widget.TextView0 - 1 Week'&#xD;
&#xD;
2019-09-30 10:26:12 - [TEST_STEP][PASSED] - tap(findTestObject("Create_Poll_1/android.widget.TextView0 - 1 Day"), 0): Tapped on element 'Object Repository/Create_Poll_1/android.widget.TextView0 - 1 Day'&#xD;
&#xD;
2019-09-30 10:26:12 - [MESSAGE][WARNING] - Timeout '0' is invalid. Using default page load timeout: '30'&#xD;
&#xD;
2019-09-30 10:26:13 - [MESSAGE][PASSED] - Tapped on element 'Object Repository/Create_Poll_1/android.widget.TextView0 - 1 Day'&#xD;
&#xD;
2019-09-30 10:26:13 - [TEST_STEP][PASSED] - tap(findTestObject("Create_Poll_1/android.widget.TextView0 - NEXT (1)"), 0): Tapped on element 'Object Repository/Create_Poll_1/android.widget.TextView0 - NEXT (1)'&#xD;
&#xD;
2019-09-30 10:26:13 - [MESSAGE][WARNING] - Timeout '0' is invalid. Using default page load timeout: '30'&#xD;
&#xD;
2019-09-30 10:26:14 - [MESSAGE][PASSED] - Tapped on element 'Object Repository/Create_Poll_1/android.widget.TextView0 - NEXT (1)'&#xD;
&#xD;
2019-09-30 10:26:14 - [TEST_STEP][PASSED] - tap(findTestObject("Create_Poll_1/android.widget.TextView0 - NEXT (1)"), 0): Tapped on element 'Object Repository/Create_Poll_1/android.widget.TextView0 - NEXT (1)'&#xD;
&#xD;
2019-09-30 10:26:14 - [MESSAGE][WARNING] - Timeout '0' is invalid. Using default page load timeout: '30'&#xD;
&#xD;
2019-09-30 10:26:18 - [MESSAGE][PASSED] - Tapped on element 'Object Repository/Create_Poll_1/android.widget.TextView0 - NEXT (1)'&#xD;
&#xD;
2019-09-30 10:26:18 - [TEST_STEP][PASSED] - tap(findTestObject("Create_Poll_1/android.widget.FrameLayout0 (1)"), 0): Tapped on element 'Object Repository/Create_Poll_1/android.widget.FrameLayout0 (1)'&#xD;
&#xD;
2019-09-30 10:26:18 - [MESSAGE][WARNING] - Timeout '0' is invalid. Using default page load timeout: '30'&#xD;
&#xD;
2019-09-30 10:26:19 - [MESSAGE][PASSED] - Tapped on element 'Object Repository/Create_Poll_1/android.widget.FrameLayout0 (1)'&#xD;
&#xD;
2019-09-30 10:26:19 - [TEST_STEP][PASSED] - tap(findTestObject("Create_Poll_1/android.widget.LinearLayout0"), 0): Tapped on element 'Object Repository/Create_Poll_1/android.widget.LinearLayout0'&#xD;
&#xD;
2019-09-30 10:26:19 - [MESSAGE][WARNING] - Timeout '0' is invalid. Using default page load timeout: '30'&#xD;
&#xD;
2019-09-30 10:26:23 - [MESSAGE][PASSED] - Tapped on element 'Object Repository/Create_Poll_1/android.widget.LinearLayout0'&#xD;
&#xD;
2019-09-30 10:26:23 - [TEST_STEP][PASSED] - tap(findTestObject("Create_Poll_1/android.widget.TextView0 - Yes"), 0): Tapped on element 'Object Repository/Create_Poll_1/android.widget.TextView0 - Yes'&#xD;
&#xD;
2019-09-30 10:26:23 - [MESSAGE][WARNING] - Timeout '0' is invalid. Using default page load timeout: '30'&#xD;
&#xD;
2019-09-30 10:26:24 - [MESSAGE][PASSED] - Tapped on element 'Object Repository/Create_Poll_1/android.widget.TextView0 - Yes'&#xD;
&#xD;
2019-09-30 10:26:24 - [TEST_STEP][PASSED] - closeApplication(): Close app successfully&#xD;
&#xD;
2019-09-30 10:26:26 - [MESSAGE][PASSED] - Close app successfully</system-out>
            <system-err></system-err>
        </testcase>
        <testcase name="Test Cases/User_Edit _Location" classname="Test Cases/User_Edit _Location" status="PASSED">
            <system-out>2019-09-30 10:26:26 - [TEST_CASE][PASSED] - Test Cases/User_Edit _Location: Test Cases/User_Edit _Location&#xD;
&#xD;
2019-09-30 10:26:27 - [TEST_STEP][PASSED] - startApplication("C:\Users\sudheer.indlamudi\Downloads\india.com-v1.2.2.apk", true): Started app at: 'C:\Users\sudheer.indlamudi\Downloads\india.com-v1.2.2.apk'&#xD;
&#xD;
2019-09-30 10:26:28 - [MESSAGE][INFO] - Appium server started on port 58,382&#xD;
&#xD;
2019-09-30 10:26:47 - [MESSAGE][PASSED] - Started app at: 'C:\Users\sudheer.indlamudi\Downloads\india.com-v1.2.2.apk'&#xD;
&#xD;
2019-09-30 10:26:47 - [TEST_STEP][PASSED] - tap(findTestObject("User_Edit_Location/android.widget.TextView0 - NEXT"), 0): Tapped on element 'Object Repository/User_Edit_Location/android.widget.TextView0 - NEXT'&#xD;
&#xD;
2019-09-30 10:26:47 - [MESSAGE][WARNING] - Timeout '0' is invalid. Using default page load timeout: '30'&#xD;
&#xD;
2019-09-30 10:26:51 - [MESSAGE][PASSED] - Tapped on element 'Object Repository/User_Edit_Location/android.widget.TextView0 - NEXT'&#xD;
&#xD;
2019-09-30 10:26:51 - [TEST_STEP][PASSED] - tap(findTestObject("User_Edit_Location/android.widget.TextView0 - LOGIN"), 0): Tapped on element 'Object Repository/User_Edit_Location/android.widget.TextView0 - LOGIN'&#xD;
&#xD;
2019-09-30 10:26:51 - [MESSAGE][WARNING] - Timeout '0' is invalid. Using default page load timeout: '30'&#xD;
&#xD;
2019-09-30 10:26:53 - [MESSAGE][PASSED] - Tapped on element 'Object Repository/User_Edit_Location/android.widget.TextView0 - LOGIN'&#xD;
&#xD;
2019-09-30 10:26:53 - [TEST_STEP][PASSED] - setText(findTestObject("User_Edit_Location/android.widget.EditText0 - Email ID"), "sudheer@mailnesia.com", 0): Text 'sudheer@mailnesia.com' has been set to element 'Object Repository/User_Edit_Location/android.widget.EditText0 - Email ID'&#xD;
&#xD;
2019-09-30 10:26:53 - [MESSAGE][WARNING] - Timeout '0' is invalid. Using default page load timeout: '30'&#xD;
&#xD;
2019-09-30 10:26:54 - [MESSAGE][PASSED] - Text 'sudheer@mailnesia.com' has been set to element 'Object Repository/User_Edit_Location/android.widget.EditText0 - Email ID'&#xD;
&#xD;
2019-09-30 10:26:54 - [TEST_STEP][PASSED] - setText(findTestObject("User_Edit_Location/android.widget.EditText0 - Password"), "1234567", 0): Text '1234567' has been set to element 'Object Repository/User_Edit_Location/android.widget.EditText0 - Password'&#xD;
&#xD;
2019-09-30 10:26:54 - [MESSAGE][WARNING] - Timeout '0' is invalid. Using default page load timeout: '30'&#xD;
&#xD;
2019-09-30 10:26:56 - [MESSAGE][PASSED] - Text '1234567' has been set to element 'Object Repository/User_Edit_Location/android.widget.EditText0 - Password'&#xD;
&#xD;
2019-09-30 10:26:56 - [TEST_STEP][PASSED] - tap(findTestObject("User_Edit_Location/android.widget.ImageButton0"), 0): Tapped on element 'Object Repository/User_Edit_Location/android.widget.ImageButton0'&#xD;
&#xD;
2019-09-30 10:26:56 - [MESSAGE][WARNING] - Timeout '0' is invalid. Using default page load timeout: '30'&#xD;
&#xD;
2019-09-30 10:26:58 - [MESSAGE][PASSED] - Tapped on element 'Object Repository/User_Edit_Location/android.widget.ImageButton0'&#xD;
&#xD;
2019-09-30 10:26:58 - [TEST_STEP][PASSED] - tap(findTestObject("User_Edit_Location/android.widget.TextView0 - LOGIN (1)"), 0): Tapped on element 'Object Repository/User_Edit_Location/android.widget.TextView0 - LOGIN (1)'&#xD;
&#xD;
2019-09-30 10:26:58 - [MESSAGE][WARNING] - Timeout '0' is invalid. Using default page load timeout: '30'&#xD;
&#xD;
2019-09-30 10:26:59 - [MESSAGE][PASSED] - Tapped on element 'Object Repository/User_Edit_Location/android.widget.TextView0 - LOGIN (1)'&#xD;
&#xD;
2019-09-30 10:26:59 - [TEST_STEP][PASSED] - tap(findTestObject("User_Edit_Location/android.widget.FrameLayout0"), 0): Tapped on element 'Object Repository/User_Edit_Location/android.widget.FrameLayout0'&#xD;
&#xD;
2019-09-30 10:26:59 - [MESSAGE][WARNING] - Timeout '0' is invalid. Using default page load timeout: '30'&#xD;
&#xD;
2019-09-30 10:27:04 - [MESSAGE][PASSED] - Tapped on element 'Object Repository/User_Edit_Location/android.widget.FrameLayout0'&#xD;
&#xD;
2019-09-30 10:27:04 - [TEST_STEP][PASSED] - tap(findTestObject("User_Edit_Location/android.widget.TextView0 - Settings"), 0): Tapped on element 'Object Repository/User_Edit_Location/android.widget.TextView0 - Settings'&#xD;
&#xD;
2019-09-30 10:27:04 - [MESSAGE][WARNING] - Timeout '0' is invalid. Using default page load timeout: '30'&#xD;
&#xD;
2019-09-30 10:27:05 - [MESSAGE][PASSED] - Tapped on element 'Object Repository/User_Edit_Location/android.widget.TextView0 - Settings'&#xD;
&#xD;
2019-09-30 10:27:05 - [TEST_STEP][PASSED] - tap(findTestObject("User_Edit_Location/android.widget.TextView0 - Account"), 0): Tapped on element 'Object Repository/User_Edit_Location/android.widget.TextView0 - Account'&#xD;
&#xD;
2019-09-30 10:27:05 - [MESSAGE][WARNING] - Timeout '0' is invalid. Using default page load timeout: '30'&#xD;
&#xD;
2019-09-30 10:27:06 - [MESSAGE][PASSED] - Tapped on element 'Object Repository/User_Edit_Location/android.widget.TextView0 - Account'&#xD;
&#xD;
2019-09-30 10:27:06 - [TEST_STEP][PASSED] - tap(findTestObject("User_Edit_Location/android.widget.TextView0 - Location"), 0): Tapped on element 'Object Repository/User_Edit_Location/android.widget.TextView0 - Location'&#xD;
&#xD;
2019-09-30 10:27:06 - [MESSAGE][WARNING] - Timeout '0' is invalid. Using default page load timeout: '30'&#xD;
&#xD;
2019-09-30 10:27:08 - [MESSAGE][PASSED] - Tapped on element 'Object Repository/User_Edit_Location/android.widget.TextView0 - Location'&#xD;
&#xD;
2019-09-30 10:27:08 - [TEST_STEP][PASSED] - tap(findTestObject("User_Edit_Location/android.widget.TextView0 - EDIT LOCATION"), 0): Tapped on element 'Object Repository/User_Edit_Location/android.widget.TextView0 - EDIT LOCATION'&#xD;
&#xD;
2019-09-30 10:27:08 - [MESSAGE][WARNING] - Timeout '0' is invalid. Using default page load timeout: '30'&#xD;
&#xD;
2019-09-30 10:27:10 - [MESSAGE][PASSED] - Tapped on element 'Object Repository/User_Edit_Location/android.widget.TextView0 - EDIT LOCATION'&#xD;
&#xD;
2019-09-30 10:27:10 - [TEST_STEP][PASSED] - setText(findTestObject("User_Edit_Location/android.widget.EditText0 - HOUSEFLAT.NO"), "Near Kondapur Flot no 6_155/A", 0): Text 'Near Kondapur Flot no 6_155/A' has been set to element 'Object Repository/User_Edit_Location/android.widget.EditText0 - HOUSEFLAT.NO'&#xD;
&#xD;
2019-09-30 10:27:10 - [MESSAGE][WARNING] - Timeout '0' is invalid. Using default page load timeout: '30'&#xD;
&#xD;
2019-09-30 10:27:11 - [MESSAGE][PASSED] - Text 'Near Kondapur Flot no 6_155/A' has been set to element 'Object Repository/User_Edit_Location/android.widget.EditText0 - HOUSEFLAT.NO'&#xD;
&#xD;
2019-09-30 10:27:11 - [TEST_STEP][PASSED] - setText(findTestObject("User_Edit_Location/android.widget.EditText0 - LANDMARK"), "Near RDO office ", 0): Text 'Near RDO office ' has been set to element 'Object Repository/User_Edit_Location/android.widget.EditText0 - LANDMARK'&#xD;
&#xD;
2019-09-30 10:27:12 - [MESSAGE][WARNING] - Timeout '0' is invalid. Using default page load timeout: '30'&#xD;
&#xD;
2019-09-30 10:27:13 - [MESSAGE][PASSED] - Text 'Near RDO office ' has been set to element 'Object Repository/User_Edit_Location/android.widget.EditText0 - LANDMARK'&#xD;
&#xD;
2019-09-30 10:27:13 - [TEST_STEP][PASSED] - tap(findTestObject("User_Edit_Location/android.widget.TextView0 - SAVE AND PROCEED"), 0): Tapped on element 'Object Repository/User_Edit_Location/android.widget.TextView0 - SAVE AND PROCEED'&#xD;
&#xD;
2019-09-30 10:27:13 - [MESSAGE][WARNING] - Timeout '0' is invalid. Using default page load timeout: '30'&#xD;
&#xD;
2019-09-30 10:27:15 - [MESSAGE][PASSED] - Tapped on element 'Object Repository/User_Edit_Location/android.widget.TextView0 - SAVE AND PROCEED'&#xD;
&#xD;
2019-09-30 10:27:15 - [TEST_STEP][PASSED] - tap(findTestObject("User_Edit_Location/android.widget.TextView0 - CONFIRM LOCATION"), 0): Tapped on element 'Object Repository/User_Edit_Location/android.widget.TextView0 - CONFIRM LOCATION'&#xD;
&#xD;
2019-09-30 10:27:16 - [MESSAGE][WARNING] - Timeout '0' is invalid. Using default page load timeout: '30'&#xD;
&#xD;
2019-09-30 10:27:18 - [MESSAGE][PASSED] - Tapped on element 'Object Repository/User_Edit_Location/android.widget.TextView0 - CONFIRM LOCATION'&#xD;
&#xD;
2019-09-30 10:27:18 - [TEST_STEP][PASSED] - tap(findTestObject("User_Edit_Location/android.widget.ImageView0"), 0): Tapped on element 'Object Repository/User_Edit_Location/android.widget.ImageView0'&#xD;
&#xD;
2019-09-30 10:27:18 - [MESSAGE][WARNING] - Timeout '0' is invalid. Using default page load timeout: '30'&#xD;
&#xD;
2019-09-30 10:27:20 - [MESSAGE][PASSED] - Tapped on element 'Object Repository/User_Edit_Location/android.widget.ImageView0'&#xD;
&#xD;
2019-09-30 10:27:20 - [TEST_STEP][PASSED] - tap(findTestObject("User_Edit_Location/android.widget.LinearLayout0"), 0): Tapped on element 'Object Repository/User_Edit_Location/android.widget.LinearLayout0'&#xD;
&#xD;
2019-09-30 10:27:20 - [MESSAGE][WARNING] - Timeout '0' is invalid. Using default page load timeout: '30'&#xD;
&#xD;
2019-09-30 10:27:23 - [MESSAGE][PASSED] - Tapped on element 'Object Repository/User_Edit_Location/android.widget.LinearLayout0'&#xD;
&#xD;
2019-09-30 10:27:23 - [TEST_STEP][PASSED] - tap(findTestObject("User_Edit_Location/android.widget.TextView0 - Yes"), 0): Tapped on element 'Object Repository/User_Edit_Location/android.widget.TextView0 - Yes'&#xD;
&#xD;
2019-09-30 10:27:23 - [MESSAGE][WARNING] - Timeout '0' is invalid. Using default page load timeout: '30'&#xD;
&#xD;
2019-09-30 10:27:25 - [MESSAGE][PASSED] - Tapped on element 'Object Repository/User_Edit_Location/android.widget.TextView0 - Yes'&#xD;
&#xD;
2019-09-30 10:27:25 - [TEST_STEP][PASSED] - closeApplication(): Close app successfully&#xD;
&#xD;
2019-09-30 10:27:27 - [MESSAGE][PASSED] - Close app successfully</system-out>
            <system-err></system-err>
        </testcase>
        <testcase name="Test Cases/Explore_All Members" classname="Test Cases/Explore_All Members" status="PASSED">
            <system-out>2019-09-30 10:27:27 - [TEST_CASE][PASSED] - Test Cases/Explore_All Members: Test Cases/Explore_All Members&#xD;
&#xD;
2019-09-30 10:27:27 - [TEST_STEP][PASSED] - startApplication("C:\Users\sudheer.indlamudi\Downloads\india.com-v1.2.2.apk", true): Started app at: 'C:\Users\sudheer.indlamudi\Downloads\india.com-v1.2.2.apk'&#xD;
&#xD;
2019-09-30 10:27:29 - [MESSAGE][INFO] - Appium server started on port 58,686&#xD;
&#xD;
2019-09-30 10:27:47 - [MESSAGE][PASSED] - Started app at: 'C:\Users\sudheer.indlamudi\Downloads\india.com-v1.2.2.apk'&#xD;
&#xD;
2019-09-30 10:27:47 - [TEST_STEP][PASSED] - tap(findTestObject("Explore_All_Members/android.widget.TextView0 - NEXT"), 0): Tapped on element 'Object Repository/Explore_All_Members/android.widget.TextView0 - NEXT'&#xD;
&#xD;
2019-09-30 10:27:47 - [MESSAGE][WARNING] - Timeout '0' is invalid. Using default page load timeout: '30'&#xD;
&#xD;
2019-09-30 10:27:51 - [MESSAGE][PASSED] - Tapped on element 'Object Repository/Explore_All_Members/android.widget.TextView0 - NEXT'&#xD;
&#xD;
2019-09-30 10:27:51 - [TEST_STEP][PASSED] - tap(findTestObject("Explore_All_Members/android.widget.TextView0 - LOGIN"), 0): Tapped on element 'Object Repository/Explore_All_Members/android.widget.TextView0 - LOGIN'&#xD;
&#xD;
2019-09-30 10:27:51 - [MESSAGE][WARNING] - Timeout '0' is invalid. Using default page load timeout: '30'&#xD;
&#xD;
2019-09-30 10:27:53 - [MESSAGE][PASSED] - Tapped on element 'Object Repository/Explore_All_Members/android.widget.TextView0 - LOGIN'&#xD;
&#xD;
2019-09-30 10:27:53 - [TEST_STEP][PASSED] - setText(findTestObject("Explore_All_Members/android.widget.EditText0 - Email ID"), "sudheer@mailnesia.com", 0): Text 'sudheer@mailnesia.com' has been set to element 'Object Repository/Explore_All_Members/android.widget.EditText0 - Email ID'&#xD;
&#xD;
2019-09-30 10:27:53 - [MESSAGE][WARNING] - Timeout '0' is invalid. Using default page load timeout: '30'&#xD;
&#xD;
2019-09-30 10:27:54 - [MESSAGE][PASSED] - Text 'sudheer@mailnesia.com' has been set to element 'Object Repository/Explore_All_Members/android.widget.EditText0 - Email ID'&#xD;
&#xD;
2019-09-30 10:27:54 - [TEST_STEP][PASSED] - setText(findTestObject("Explore_All_Members/android.widget.EditText0 - Password"), "1234567", 0): Text '1234567' has been set to element 'Object Repository/Explore_All_Members/android.widget.EditText0 - Password'&#xD;
&#xD;
2019-09-30 10:27:54 - [MESSAGE][WARNING] - Timeout '0' is invalid. Using default page load timeout: '30'&#xD;
&#xD;
2019-09-30 10:27:56 - [MESSAGE][PASSED] - Text '1234567' has been set to element 'Object Repository/Explore_All_Members/android.widget.EditText0 - Password'&#xD;
&#xD;
2019-09-30 10:27:56 - [TEST_STEP][PASSED] - tap(findTestObject("Explore_All_Members/android.widget.ImageButton0"), 0): Tapped on element 'Object Repository/Explore_All_Members/android.widget.ImageButton0'&#xD;
&#xD;
2019-09-30 10:27:56 - [MESSAGE][WARNING] - Timeout '0' is invalid. Using default page load timeout: '30'&#xD;
&#xD;
2019-09-30 10:27:58 - [MESSAGE][PASSED] - Tapped on element 'Object Repository/Explore_All_Members/android.widget.ImageButton0'&#xD;
&#xD;
2019-09-30 10:27:58 - [TEST_STEP][PASSED] - tap(findTestObject("Explore_All_Members/android.widget.TextView0 - LOGIN (1)"), 0): Tapped on element 'Object Repository/Explore_All_Members/android.widget.TextView0 - LOGIN (1)'&#xD;
&#xD;
2019-09-30 10:27:58 - [MESSAGE][WARNING] - Timeout '0' is invalid. Using default page load timeout: '30'&#xD;
&#xD;
2019-09-30 10:27:59 - [MESSAGE][PASSED] - Tapped on element 'Object Repository/Explore_All_Members/android.widget.TextView0 - LOGIN (1)'&#xD;
&#xD;
2019-09-30 10:27:59 - [TEST_STEP][PASSED] - tap(findTestObject("Explore_All_Members/android.widget.FrameLayout0"), 0): Tapped on element 'Object Repository/Explore_All_Members/android.widget.FrameLayout0'&#xD;
&#xD;
2019-09-30 10:27:59 - [MESSAGE][WARNING] - Timeout '0' is invalid. Using default page load timeout: '30'&#xD;
&#xD;
2019-09-30 10:28:05 - [MESSAGE][PASSED] - Tapped on element 'Object Repository/Explore_All_Members/android.widget.FrameLayout0'&#xD;
&#xD;
2019-09-30 10:28:05 - [TEST_STEP][PASSED] - tap(findTestObject("Explore_All_Members/android.widget.TextView0 - View All"), 0): Tapped on element 'Object Repository/Explore_All_Members/android.widget.TextView0 - View All'&#xD;
&#xD;
2019-09-30 10:28:05 - [MESSAGE][WARNING] - Timeout '0' is invalid. Using default page load timeout: '30'&#xD;
&#xD;
2019-09-30 10:28:08 - [MESSAGE][PASSED] - Tapped on element 'Object Repository/Explore_All_Members/android.widget.TextView0 - View All'&#xD;
&#xD;
2019-09-30 10:28:08 - [TEST_STEP][PASSED] - tap(findTestObject("Explore_All_Members/android.widget.ImageButton0 (1)"), 0): Tapped on element 'Object Repository/Explore_All_Members/android.widget.ImageButton0 (1)'&#xD;
&#xD;
2019-09-30 10:28:08 - [MESSAGE][WARNING] - Timeout '0' is invalid. Using default page load timeout: '30'&#xD;
&#xD;
2019-09-30 10:28:10 - [MESSAGE][PASSED] - Tapped on element 'Object Repository/Explore_All_Members/android.widget.ImageButton0 (1)'&#xD;
&#xD;
2019-09-30 10:28:10 - [TEST_STEP][PASSED] - tap(findTestObject("Explore_All_Members/android.widget.FrameLayout0 (1)"), 0): Tapped on element 'Object Repository/Explore_All_Members/android.widget.FrameLayout0 (1)'&#xD;
&#xD;
2019-09-30 10:28:10 - [MESSAGE][WARNING] - Timeout '0' is invalid. Using default page load timeout: '30'&#xD;
&#xD;
2019-09-30 10:28:11 - [MESSAGE][PASSED] - Tapped on element 'Object Repository/Explore_All_Members/android.widget.FrameLayout0 (1)'&#xD;
&#xD;
2019-09-30 10:28:11 - [TEST_STEP][PASSED] - tap(findTestObject("Explore_All_Members/android.widget.LinearLayout0"), 0): Tapped on element 'Object Repository/Explore_All_Members/android.widget.LinearLayout0'&#xD;
&#xD;
2019-09-30 10:28:11 - [MESSAGE][WARNING] - Timeout '0' is invalid. Using default page load timeout: '30'&#xD;
&#xD;
2019-09-30 10:28:15 - [MESSAGE][PASSED] - Tapped on element 'Object Repository/Explore_All_Members/android.widget.LinearLayout0'&#xD;
&#xD;
2019-09-30 10:28:15 - [TEST_STEP][PASSED] - tap(findTestObject("Explore_All_Members/android.widget.TextView0 - Yes"), 0): Tapped on element 'Object Repository/Explore_All_Members/android.widget.TextView0 - Yes'&#xD;
&#xD;
2019-09-30 10:28:15 - [MESSAGE][WARNING] - Timeout '0' is invalid. Using default page load timeout: '30'&#xD;
&#xD;
2019-09-30 10:28:16 - [MESSAGE][PASSED] - Tapped on element 'Object Repository/Explore_All_Members/android.widget.TextView0 - Yes'&#xD;
&#xD;
2019-09-30 10:28:16 - [TEST_STEP][PASSED] - closeApplication(): Close app successfully&#xD;
&#xD;
2019-09-30 10:28:18 - [MESSAGE][PASSED] - Close app successfully</system-out>
            <system-err></system-err>
        </testcase>
        <testcase name="Test Cases/Post_Buy" classname="Test Cases/Post_Buy" status="PASSED">
            <system-out>2019-09-30 10:28:18 - [TEST_CASE][PASSED] - Test Cases/Post_Buy: Test Cases/Post_Buy&#xD;
&#xD;
2019-09-30 10:28:18 - [TEST_STEP][PASSED] - startApplication("C:\Users\sudheer.indlamudi\Downloads\india.com-v1.2.2.apk", true): Started app at: 'C:\Users\sudheer.indlamudi\Downloads\india.com-v1.2.2.apk'&#xD;
&#xD;
2019-09-30 10:28:20 - [MESSAGE][INFO] - Appium server started on port 59,000&#xD;
&#xD;
2019-09-30 10:28:41 - [MESSAGE][PASSED] - Started app at: 'C:\Users\sudheer.indlamudi\Downloads\india.com-v1.2.2.apk'&#xD;
&#xD;
2019-09-30 10:28:41 - [TEST_STEP][PASSED] - tap(findTestObject("Post_Buy/android.widget.TextView0 - NEXT"), 0): Tapped on element 'Object Repository/Post_Buy/android.widget.TextView0 - NEXT'&#xD;
&#xD;
2019-09-30 10:28:41 - [MESSAGE][WARNING] - Timeout '0' is invalid. Using default page load timeout: '30'&#xD;
&#xD;
2019-09-30 10:28:45 - [MESSAGE][PASSED] - Tapped on element 'Object Repository/Post_Buy/android.widget.TextView0 - NEXT'&#xD;
&#xD;
2019-09-30 10:28:45 - [TEST_STEP][PASSED] - tap(findTestObject("Post_Buy/android.widget.TextView0 - LOGIN"), 0): Tapped on element 'Object Repository/Post_Buy/android.widget.TextView0 - LOGIN'&#xD;
&#xD;
2019-09-30 10:28:45 - [MESSAGE][WARNING] - Timeout '0' is invalid. Using default page load timeout: '30'&#xD;
&#xD;
2019-09-30 10:28:46 - [MESSAGE][PASSED] - Tapped on element 'Object Repository/Post_Buy/android.widget.TextView0 - LOGIN'&#xD;
&#xD;
2019-09-30 10:28:46 - [TEST_STEP][PASSED] - setText(findTestObject("Post_Buy/android.widget.EditText0 - Email ID"), "sudheer@mailnesia.com", 0): Text 'sudheer@mailnesia.com' has been set to element 'Object Repository/Post_Buy/android.widget.EditText0 - Email ID'&#xD;
&#xD;
2019-09-30 10:28:46 - [MESSAGE][WARNING] - Timeout '0' is invalid. Using default page load timeout: '30'&#xD;
&#xD;
2019-09-30 10:28:48 - [MESSAGE][PASSED] - Text 'sudheer@mailnesia.com' has been set to element 'Object Repository/Post_Buy/android.widget.EditText0 - Email ID'&#xD;
&#xD;
2019-09-30 10:28:48 - [TEST_STEP][PASSED] - setText(findTestObject("Post_Buy/android.widget.EditText0 - Password"), "1234567", 0): Text '1234567' has been set to element 'Object Repository/Post_Buy/android.widget.EditText0 - Password'&#xD;
&#xD;
2019-09-30 10:28:48 - [MESSAGE][WARNING] - Timeout '0' is invalid. Using default page load timeout: '30'&#xD;
&#xD;
2019-09-30 10:28:50 - [MESSAGE][PASSED] - Text '1234567' has been set to element 'Object Repository/Post_Buy/android.widget.EditText0 - Password'&#xD;
&#xD;
2019-09-30 10:28:50 - [TEST_STEP][PASSED] - tap(findTestObject("Post_Buy/android.widget.ImageButton0"), 0): Tapped on element 'Object Repository/Post_Buy/android.widget.ImageButton0'&#xD;
&#xD;
2019-09-30 10:28:50 - [MESSAGE][WARNING] - Timeout '0' is invalid. Using default page load timeout: '30'&#xD;
&#xD;
2019-09-30 10:28:51 - [MESSAGE][PASSED] - Tapped on element 'Object Repository/Post_Buy/android.widget.ImageButton0'&#xD;
&#xD;
2019-09-30 10:28:51 - [TEST_STEP][PASSED] - tap(findTestObject("Post_Buy/android.widget.TextView0 - LOGIN (1)"), 0): Tapped on element 'Object Repository/Post_Buy/android.widget.TextView0 - LOGIN (1)'&#xD;
&#xD;
2019-09-30 10:28:51 - [MESSAGE][WARNING] - Timeout '0' is invalid. Using default page load timeout: '30'&#xD;
&#xD;
2019-09-30 10:28:53 - [MESSAGE][PASSED] - Tapped on element 'Object Repository/Post_Buy/android.widget.TextView0 - LOGIN (1)'&#xD;
&#xD;
2019-09-30 10:28:53 - [TEST_STEP][PASSED] - tap(findTestObject("Post_Buy/android.widget.FrameLayout0"), 0): Tapped on element 'Object Repository/Post_Buy/android.widget.FrameLayout0'&#xD;
&#xD;
2019-09-30 10:28:53 - [MESSAGE][WARNING] - Timeout '0' is invalid. Using default page load timeout: '30'&#xD;
&#xD;
2019-09-30 10:28:58 - [MESSAGE][PASSED] - Tapped on element 'Object Repository/Post_Buy/android.widget.FrameLayout0'&#xD;
&#xD;
2019-09-30 10:28:58 - [TEST_STEP][PASSED] - tap(findTestObject("Post_General/android.widget.TextView0 - Post"), 0): Tapped on element 'Object Repository/Post_General/android.widget.TextView0 - Post'&#xD;
&#xD;
2019-09-30 10:28:58 - [MESSAGE][WARNING] - Timeout '0' is invalid. Using default page load timeout: '30'&#xD;
&#xD;
2019-09-30 10:29:00 - [MESSAGE][PASSED] - Tapped on element 'Object Repository/Post_General/android.widget.TextView0 - Post'&#xD;
&#xD;
2019-09-30 10:29:00 - [TEST_STEP][PASSED] - tap(findTestObject("Post_Buy/android.widget.RadioButton0 - Buy Sell or Rent"), 0): Tapped on element 'Object Repository/Post_Buy/android.widget.RadioButton0 - Buy Sell or Rent'&#xD;
&#xD;
2019-09-30 10:29:00 - [MESSAGE][WARNING] - Timeout '0' is invalid. Using default page load timeout: '30'&#xD;
&#xD;
2019-09-30 10:29:02 - [MESSAGE][PASSED] - Tapped on element 'Object Repository/Post_Buy/android.widget.RadioButton0 - Buy Sell or Rent'&#xD;
&#xD;
2019-09-30 10:29:02 - [TEST_STEP][PASSED] - tap(findTestObject("Post_Buy/android.widget.TextView0 - NEXT (1)"), 0): Tapped on element 'Object Repository/Post_Buy/android.widget.TextView0 - NEXT (1)'&#xD;
&#xD;
2019-09-30 10:29:02 - [MESSAGE][WARNING] - Timeout '0' is invalid. Using default page load timeout: '30'&#xD;
&#xD;
2019-09-30 10:29:03 - [MESSAGE][PASSED] - Tapped on element 'Object Repository/Post_Buy/android.widget.TextView0 - NEXT (1)'&#xD;
&#xD;
2019-09-30 10:29:03 - [TEST_STEP][PASSED] - setText(findTestObject("Post_Buy/android.widget.EditText0 - Title"), "Buy a oneplus mobile", 0): Text 'Buy a oneplus mobile' has been set to element 'Object Repository/Post_Buy/android.widget.EditText0 - Title'&#xD;
&#xD;
2019-09-30 10:29:03 - [MESSAGE][WARNING] - Timeout '0' is invalid. Using default page load timeout: '30'&#xD;
&#xD;
2019-09-30 10:29:05 - [MESSAGE][PASSED] - Text 'Buy a oneplus mobile' has been set to element 'Object Repository/Post_Buy/android.widget.EditText0 - Title'&#xD;
&#xD;
2019-09-30 10:29:05 - [TEST_STEP][PASSED] - tap(findTestObject("Post_Buy/android.widget.Switch0 - Off"), 0): Tapped on element 'Object Repository/Post_Buy/android.widget.Switch0 - Off'&#xD;
&#xD;
2019-09-30 10:29:05 - [MESSAGE][WARNING] - Timeout '0' is invalid. Using default page load timeout: '30'&#xD;
&#xD;
2019-09-30 10:29:06 - [MESSAGE][PASSED] - Tapped on element 'Object Repository/Post_Buy/android.widget.Switch0 - Off'&#xD;
&#xD;
2019-09-30 10:29:06 - [TEST_STEP][PASSED] - setText(findTestObject("Post_Buy/android.widget.EditText0 - Details (size color condition etc.)"), "Price=100000", 0): Text 'Price=100000' has been set to element 'Object Repository/Post_Buy/android.widget.EditText0 - Details (size color condition etc.)'&#xD;
&#xD;
2019-09-30 10:29:06 - [MESSAGE][WARNING] - Timeout '0' is invalid. Using default page load timeout: '30'&#xD;
&#xD;
2019-09-30 10:29:08 - [MESSAGE][PASSED] - Text 'Price=100000' has been set to element 'Object Repository/Post_Buy/android.widget.EditText0 - Details (size color condition etc.)'&#xD;
&#xD;
2019-09-30 10:29:08 - [TEST_STEP][PASSED] - tap(findTestObject("Post_Buy/android.widget.TextView0 - NEXT (2)"), 0): Tapped on element 'Object Repository/Post_Buy/android.widget.TextView0 - NEXT (2)'&#xD;
&#xD;
2019-09-30 10:29:08 - [MESSAGE][WARNING] - Timeout '0' is invalid. Using default page load timeout: '30'&#xD;
&#xD;
2019-09-30 10:29:09 - [MESSAGE][PASSED] - Tapped on element 'Object Repository/Post_Buy/android.widget.TextView0 - NEXT (2)'&#xD;
&#xD;
2019-09-30 10:29:09 - [TEST_STEP][PASSED] - tap(findTestObject("Post_Buy/android.widget.TextView0 - NEXT (2)"), 0): Tapped on element 'Object Repository/Post_Buy/android.widget.TextView0 - NEXT (2)'&#xD;
&#xD;
2019-09-30 10:29:09 - [MESSAGE][WARNING] - Timeout '0' is invalid. Using default page load timeout: '30'&#xD;
&#xD;
2019-09-30 10:29:12 - [MESSAGE][PASSED] - Tapped on element 'Object Repository/Post_Buy/android.widget.TextView0 - NEXT (2)'&#xD;
&#xD;
2019-09-30 10:29:12 - [TEST_STEP][PASSED] - tap(findTestObject("Post_Buy/android.widget.TextView0 - POST"), 0): Tapped on element 'Object Repository/Post_Buy/android.widget.TextView0 - POST'&#xD;
&#xD;
2019-09-30 10:29:12 - [MESSAGE][WARNING] - Timeout '0' is invalid. Using default page load timeout: '30'&#xD;
&#xD;
2019-09-30 10:29:15 - [MESSAGE][PASSED] - Tapped on element 'Object Repository/Post_Buy/android.widget.TextView0 - POST'&#xD;
&#xD;
2019-09-30 10:29:15 - [TEST_STEP][PASSED] - tap(findTestObject("Post_Buy/android.widget.FrameLayout0 (1)"), 0): Tapped on element 'Object Repository/Post_Buy/android.widget.FrameLayout0 (1)'&#xD;
&#xD;
2019-09-30 10:29:15 - [MESSAGE][WARNING] - Timeout '0' is invalid. Using default page load timeout: '30'&#xD;
&#xD;
2019-09-30 10:29:17 - [MESSAGE][PASSED] - Tapped on element 'Object Repository/Post_Buy/android.widget.FrameLayout0 (1)'&#xD;
&#xD;
2019-09-30 10:29:17 - [TEST_STEP][PASSED] - tap(findTestObject("Post_Buy/android.widget.LinearLayout0 (1)"), 0): Tapped on element 'Object Repository/Post_Buy/android.widget.LinearLayout0 (1)'&#xD;
&#xD;
2019-09-30 10:29:17 - [MESSAGE][WARNING] - Timeout '0' is invalid. Using default page load timeout: '30'&#xD;
&#xD;
2019-09-30 10:29:20 - [MESSAGE][PASSED] - Tapped on element 'Object Repository/Post_Buy/android.widget.LinearLayout0 (1)'&#xD;
&#xD;
2019-09-30 10:29:20 - [TEST_STEP][PASSED] - tap(findTestObject("Post_Buy/android.widget.TextView0 - Yes"), 0): Tapped on element 'Object Repository/Post_Buy/android.widget.TextView0 - Yes'&#xD;
&#xD;
2019-09-30 10:29:20 - [MESSAGE][WARNING] - Timeout '0' is invalid. Using default page load timeout: '30'&#xD;
&#xD;
2019-09-30 10:29:22 - [MESSAGE][PASSED] - Tapped on element 'Object Repository/Post_Buy/android.widget.TextView0 - Yes'&#xD;
&#xD;
2019-09-30 10:29:22 - [TEST_STEP][PASSED] - closeApplication(): Close app successfully&#xD;
&#xD;
2019-09-30 10:29:24 - [MESSAGE][PASSED] - Close app successfully</system-out>
            <system-err></system-err>
        </testcase>
        <testcase name="Test Cases/Post_General" classname="Test Cases/Post_General" status="PASSED">
            <system-out>2019-09-30 10:29:24 - [TEST_CASE][PASSED] - Test Cases/Post_General: Test Cases/Post_General&#xD;
&#xD;
2019-09-30 10:29:24 - [TEST_STEP][PASSED] - startApplication("C:\Users\sudheer.indlamudi\Downloads\india.com-v1.2.2.apk", true): Started app at: 'C:\Users\sudheer.indlamudi\Downloads\india.com-v1.2.2.apk'&#xD;
&#xD;
2019-09-30 10:29:26 - [MESSAGE][INFO] - Appium server started on port 59,312&#xD;
&#xD;
2019-09-30 10:29:45 - [MESSAGE][PASSED] - Started app at: 'C:\Users\sudheer.indlamudi\Downloads\india.com-v1.2.2.apk'&#xD;
&#xD;
2019-09-30 10:29:45 - [TEST_STEP][PASSED] - tap(findTestObject("Post_General/android.widget.TextView0 - NEXT"), 0): Tapped on element 'Object Repository/Post_General/android.widget.TextView0 - NEXT'&#xD;
&#xD;
2019-09-30 10:29:45 - [MESSAGE][WARNING] - Timeout '0' is invalid. Using default page load timeout: '30'&#xD;
&#xD;
2019-09-30 10:29:49 - [MESSAGE][PASSED] - Tapped on element 'Object Repository/Post_General/android.widget.TextView0 - NEXT'&#xD;
&#xD;
2019-09-30 10:29:49 - [TEST_STEP][PASSED] - tap(findTestObject("Post_General/android.widget.TextView0 - LOGIN"), 0): Tapped on element 'Object Repository/Post_General/android.widget.TextView0 - LOGIN'&#xD;
&#xD;
2019-09-30 10:29:49 - [MESSAGE][WARNING] - Timeout '0' is invalid. Using default page load timeout: '30'&#xD;
&#xD;
2019-09-30 10:29:50 - [MESSAGE][PASSED] - Tapped on element 'Object Repository/Post_General/android.widget.TextView0 - LOGIN'&#xD;
&#xD;
2019-09-30 10:29:50 - [TEST_STEP][PASSED] - setText(findTestObject("Post_General/android.widget.EditText0 - Email ID"), "sudheer@mailnesia.com", 0): Text 'sudheer@mailnesia.com' has been set to element 'Object Repository/Post_General/android.widget.EditText0 - Email ID'&#xD;
&#xD;
2019-09-30 10:29:50 - [MESSAGE][WARNING] - Timeout '0' is invalid. Using default page load timeout: '30'&#xD;
&#xD;
2019-09-30 10:29:52 - [MESSAGE][PASSED] - Text 'sudheer@mailnesia.com' has been set to element 'Object Repository/Post_General/android.widget.EditText0 - Email ID'&#xD;
&#xD;
2019-09-30 10:29:52 - [TEST_STEP][PASSED] - setText(findTestObject("Post_General/android.widget.EditText0 - Password"), "1234567", 0): Text '1234567' has been set to element 'Object Repository/Post_General/android.widget.EditText0 - Password'&#xD;
&#xD;
2019-09-30 10:29:52 - [MESSAGE][WARNING] - Timeout '0' is invalid. Using default page load timeout: '30'&#xD;
&#xD;
2019-09-30 10:29:54 - [MESSAGE][PASSED] - Text '1234567' has been set to element 'Object Repository/Post_General/android.widget.EditText0 - Password'&#xD;
&#xD;
2019-09-30 10:29:54 - [TEST_STEP][PASSED] - tap(findTestObject("Post_General/android.widget.ImageButton0"), 0): Tapped on element 'Object Repository/Post_General/android.widget.ImageButton0'&#xD;
&#xD;
2019-09-30 10:29:54 - [MESSAGE][WARNING] - Timeout '0' is invalid. Using default page load timeout: '30'&#xD;
&#xD;
2019-09-30 10:29:56 - [MESSAGE][PASSED] - Tapped on element 'Object Repository/Post_General/android.widget.ImageButton0'&#xD;
&#xD;
2019-09-30 10:29:56 - [TEST_STEP][PASSED] - tap(findTestObject("Post_General/android.widget.TextView0 - LOGIN (1)"), 0): Tapped on element 'Object Repository/Post_General/android.widget.TextView0 - LOGIN (1)'&#xD;
&#xD;
2019-09-30 10:29:56 - [MESSAGE][WARNING] - Timeout '0' is invalid. Using default page load timeout: '30'&#xD;
&#xD;
2019-09-30 10:29:57 - [MESSAGE][PASSED] - Tapped on element 'Object Repository/Post_General/android.widget.TextView0 - LOGIN (1)'&#xD;
&#xD;
2019-09-30 10:29:57 - [TEST_STEP][PASSED] - tap(findTestObject("Post_General/android.widget.FrameLayout0"), 0): Tapped on element 'Object Repository/Post_General/android.widget.FrameLayout0'&#xD;
&#xD;
2019-09-30 10:29:57 - [MESSAGE][WARNING] - Timeout '0' is invalid. Using default page load timeout: '30'&#xD;
&#xD;
2019-09-30 10:30:04 - [MESSAGE][PASSED] - Tapped on element 'Object Repository/Post_General/android.widget.FrameLayout0'&#xD;
&#xD;
2019-09-30 10:30:04 - [TEST_STEP][PASSED] - tap(findTestObject("Post_General/android.widget.TextView0 - Post"), 0): Tapped on element 'Object Repository/Post_General/android.widget.TextView0 - Post'&#xD;
&#xD;
2019-09-30 10:30:04 - [MESSAGE][WARNING] - Timeout '0' is invalid. Using default page load timeout: '30'&#xD;
&#xD;
2019-09-30 10:30:06 - [MESSAGE][PASSED] - Tapped on element 'Object Repository/Post_General/android.widget.TextView0 - Post'&#xD;
&#xD;
2019-09-30 10:30:06 - [TEST_STEP][PASSED] - tap(findTestObject("Post_General/android.widget.TextView0 - NEXT (1)"), 0): Tapped on element 'Object Repository/Post_General/android.widget.TextView0 - NEXT (1)'&#xD;
&#xD;
2019-09-30 10:30:06 - [MESSAGE][WARNING] - Timeout '0' is invalid. Using default page load timeout: '30'&#xD;
&#xD;
2019-09-30 10:30:07 - [MESSAGE][PASSED] - Tapped on element 'Object Repository/Post_General/android.widget.TextView0 - NEXT (1)'&#xD;
&#xD;
2019-09-30 10:30:07 - [TEST_STEP][PASSED] - setText(findTestObject("Post_General/android.widget.EditText0 - Subject"), "Automation Katalon studio", 0): Text 'Automation Katalon studio' has been set to element 'Object Repository/Post_General/android.widget.EditText0 - Subject'&#xD;
&#xD;
2019-09-30 10:30:07 - [MESSAGE][WARNING] - Timeout '0' is invalid. Using default page load timeout: '30'&#xD;
&#xD;
2019-09-30 10:30:09 - [MESSAGE][PASSED] - Text 'Automation Katalon studio' has been set to element 'Object Repository/Post_General/android.widget.EditText0 - Subject'&#xD;
&#xD;
2019-09-30 10:30:09 - [TEST_STEP][PASSED] - setText(findTestObject("Post_General/android.widget.EditText0 - Message"), "Take up one idea. Make that one idea your life - think of it, dream of it, live on that idea. Let the brain, muscles, nerves, every part of your body, be full of that idea, and just leave every other idea alone. This is the way to success", 0): Text 'Take up one idea. Make that one idea your life - think of it, dream of it, live on that idea. Let the brain, muscles, nerves, every part of your body, be full of that idea, and just leave every other idea alone. This is the way to success' has been set to element 'Object Repository/Post_General/android.widget.EditText0 - Message'&#xD;
&#xD;
2019-09-30 10:30:09 - [MESSAGE][WARNING] - Timeout '0' is invalid. Using default page load timeout: '30'&#xD;
&#xD;
2019-09-30 10:30:11 - [MESSAGE][PASSED] - Text 'Take up one idea. Make that one idea your life - think of it, dream of it, live on that idea. Let the brain, muscles, nerves, every part of your body, be full of that idea, and just leave every other idea alone. This is the way to success' has been set to element 'Object Repository/Post_General/android.widget.EditText0 - Message'&#xD;
&#xD;
2019-09-30 10:30:11 - [TEST_STEP][PASSED] - tap(findTestObject("Post_General/android.widget.TextView0 - NEXT (2)"), 0): Tapped on element 'Object Repository/Post_General/android.widget.TextView0 - NEXT (2)'&#xD;
&#xD;
2019-09-30 10:30:11 - [MESSAGE][WARNING] - Timeout '0' is invalid. Using default page load timeout: '30'&#xD;
&#xD;
2019-09-30 10:30:13 - [MESSAGE][PASSED] - Tapped on element 'Object Repository/Post_General/android.widget.TextView0 - NEXT (2)'&#xD;
&#xD;
2019-09-30 10:30:13 - [TEST_STEP][PASSED] - tap(findTestObject("Post_General/android.widget.TextView0 - POST (1)"), 0): Tapped on element 'Object Repository/Post_General/android.widget.TextView0 - POST (1)'&#xD;
&#xD;
2019-09-30 10:30:13 - [MESSAGE][WARNING] - Timeout '0' is invalid. Using default page load timeout: '30'&#xD;
&#xD;
2019-09-30 10:30:16 - [MESSAGE][PASSED] - Tapped on element 'Object Repository/Post_General/android.widget.TextView0 - POST (1)'&#xD;
&#xD;
2019-09-30 10:30:16 - [TEST_STEP][PASSED] - tap(findTestObject("Post_General/android.widget.FrameLayout0 (1)"), 0): Tapped on element 'Object Repository/Post_General/android.widget.FrameLayout0 (1)'&#xD;
&#xD;
2019-09-30 10:30:16 - [MESSAGE][WARNING] - Timeout '0' is invalid. Using default page load timeout: '30'&#xD;
&#xD;
2019-09-30 10:30:17 - [MESSAGE][PASSED] - Tapped on element 'Object Repository/Post_General/android.widget.FrameLayout0 (1)'&#xD;
&#xD;
2019-09-30 10:30:17 - [TEST_STEP][PASSED] - tap(findTestObject("Post_General/android.widget.LinearLayout0"), 0): Tapped on element 'Object Repository/Post_General/android.widget.LinearLayout0'&#xD;
&#xD;
2019-09-30 10:30:17 - [MESSAGE][WARNING] - Timeout '0' is invalid. Using default page load timeout: '30'&#xD;
&#xD;
2019-09-30 10:30:21 - [MESSAGE][PASSED] - Tapped on element 'Object Repository/Post_General/android.widget.LinearLayout0'&#xD;
&#xD;
2019-09-30 10:30:21 - [TEST_STEP][PASSED] - tap(findTestObject("Post_General/android.widget.TextView0 - Yes"), 0): Tapped on element 'Object Repository/Post_General/android.widget.TextView0 - Yes'&#xD;
&#xD;
2019-09-30 10:30:21 - [MESSAGE][WARNING] - Timeout '0' is invalid. Using default page load timeout: '30'&#xD;
&#xD;
2019-09-30 10:30:22 - [MESSAGE][PASSED] - Tapped on element 'Object Repository/Post_General/android.widget.TextView0 - Yes'&#xD;
&#xD;
2019-09-30 10:30:22 - [TEST_STEP][PASSED] - closeApplication(): Close app successfully&#xD;
&#xD;
2019-09-30 10:30:24 - [MESSAGE][PASSED] - Close app successfully</system-out>
            <system-err></system-err>
        </testcase>
        <testcase name="Test Cases/Post_Lost_Found" classname="Test Cases/Post_Lost_Found" status="PASSED">
            <system-out>2019-09-30 10:30:24 - [TEST_CASE][PASSED] - Test Cases/Post_Lost_Found: Test Cases/Post_Lost_Found&#xD;
&#xD;
2019-09-30 10:30:24 - [TEST_STEP][PASSED] - startApplication("C:\Users\sudheer.indlamudi\Downloads\india.com-v1.2.2.apk", true): Started app at: 'C:\Users\sudheer.indlamudi\Downloads\india.com-v1.2.2.apk'&#xD;
&#xD;
2019-09-30 10:30:26 - [MESSAGE][INFO] - Appium server started on port 63,695&#xD;
&#xD;
2019-09-30 10:30:43 - [MESSAGE][PASSED] - Started app at: 'C:\Users\sudheer.indlamudi\Downloads\india.com-v1.2.2.apk'&#xD;
&#xD;
2019-09-30 10:30:43 - [TEST_STEP][PASSED] - tap(findTestObject("Post_Lost_Found/android.widget.TextView0 - NEXT"), 0): Tapped on element 'Object Repository/Post_Lost_Found/android.widget.TextView0 - NEXT'&#xD;
&#xD;
2019-09-30 10:30:43 - [MESSAGE][WARNING] - Timeout '0' is invalid. Using default page load timeout: '30'&#xD;
&#xD;
2019-09-30 10:30:47 - [MESSAGE][PASSED] - Tapped on element 'Object Repository/Post_Lost_Found/android.widget.TextView0 - NEXT'&#xD;
&#xD;
2019-09-30 10:30:47 - [TEST_STEP][PASSED] - tap(findTestObject("Post_Lost_Found/android.widget.TextView0 - LOGIN"), 0): Tapped on element 'Object Repository/Post_Lost_Found/android.widget.TextView0 - LOGIN'&#xD;
&#xD;
2019-09-30 10:30:47 - [MESSAGE][WARNING] - Timeout '0' is invalid. Using default page load timeout: '30'&#xD;
&#xD;
2019-09-30 10:30:48 - [MESSAGE][PASSED] - Tapped on element 'Object Repository/Post_Lost_Found/android.widget.TextView0 - LOGIN'&#xD;
&#xD;
2019-09-30 10:30:48 - [TEST_STEP][PASSED] - setText(findTestObject("Post_Lost_Found/android.widget.EditText0 - Email ID"), "sudheer@mailnesia.com", 0): Text 'sudheer@mailnesia.com' has been set to element 'Object Repository/Post_Lost_Found/android.widget.EditText0 - Email ID'&#xD;
&#xD;
2019-09-30 10:30:48 - [MESSAGE][WARNING] - Timeout '0' is invalid. Using default page load timeout: '30'&#xD;
&#xD;
2019-09-30 10:30:50 - [MESSAGE][PASSED] - Text 'sudheer@mailnesia.com' has been set to element 'Object Repository/Post_Lost_Found/android.widget.EditText0 - Email ID'&#xD;
&#xD;
2019-09-30 10:30:50 - [TEST_STEP][PASSED] - setText(findTestObject("Post_Lost_Found/android.widget.EditText0 - Password"), "1234567", 0): Text '1234567' has been set to element 'Object Repository/Post_Lost_Found/android.widget.EditText0 - Password'&#xD;
&#xD;
2019-09-30 10:30:50 - [MESSAGE][WARNING] - Timeout '0' is invalid. Using default page load timeout: '30'&#xD;
&#xD;
2019-09-30 10:30:52 - [MESSAGE][PASSED] - Text '1234567' has been set to element 'Object Repository/Post_Lost_Found/android.widget.EditText0 - Password'&#xD;
&#xD;
2019-09-30 10:30:52 - [TEST_STEP][PASSED] - tap(findTestObject("Post_Lost_Found/android.widget.ImageButton0"), 0): Tapped on element 'Object Repository/Post_Lost_Found/android.widget.ImageButton0'&#xD;
&#xD;
2019-09-30 10:30:52 - [MESSAGE][WARNING] - Timeout '0' is invalid. Using default page load timeout: '30'&#xD;
&#xD;
2019-09-30 10:30:54 - [MESSAGE][PASSED] - Tapped on element 'Object Repository/Post_Lost_Found/android.widget.ImageButton0'&#xD;
&#xD;
2019-09-30 10:30:54 - [TEST_STEP][PASSED] - tap(findTestObject("Post_Lost_Found/android.widget.TextView0 - LOGIN (1)"), 0): Tapped on element 'Object Repository/Post_Lost_Found/android.widget.TextView0 - LOGIN (1)'&#xD;
&#xD;
2019-09-30 10:30:54 - [MESSAGE][WARNING] - Timeout '0' is invalid. Using default page load timeout: '30'&#xD;
&#xD;
2019-09-30 10:30:56 - [MESSAGE][PASSED] - Tapped on element 'Object Repository/Post_Lost_Found/android.widget.TextView0 - LOGIN (1)'&#xD;
&#xD;
2019-09-30 10:30:56 - [TEST_STEP][PASSED] - tap(findTestObject("Post_Lost_Found/android.widget.FrameLayout0"), 0): Tapped on element 'Object Repository/Post_Lost_Found/android.widget.FrameLayout0'&#xD;
&#xD;
2019-09-30 10:30:56 - [MESSAGE][WARNING] - Timeout '0' is invalid. Using default page load timeout: '30'&#xD;
&#xD;
2019-09-30 10:31:01 - [MESSAGE][PASSED] - Tapped on element 'Object Repository/Post_Lost_Found/android.widget.FrameLayout0'&#xD;
&#xD;
2019-09-30 10:31:01 - [TEST_STEP][PASSED] - tap(findTestObject("Post_General/android.widget.TextView0 - Post"), 0): Tapped on element 'Object Repository/Post_General/android.widget.TextView0 - Post'&#xD;
&#xD;
2019-09-30 10:31:01 - [MESSAGE][WARNING] - Timeout '0' is invalid. Using default page load timeout: '30'&#xD;
&#xD;
2019-09-30 10:31:03 - [MESSAGE][PASSED] - Tapped on element 'Object Repository/Post_General/android.widget.TextView0 - Post'&#xD;
&#xD;
2019-09-30 10:31:03 - [TEST_STEP][PASSED] - tap(findTestObject("Post_Lost_Found/android.widget.RadioButton0 - Lost  Found"), 0): Tapped on element 'Object Repository/Post_Lost_Found/android.widget.RadioButton0 - Lost  Found'&#xD;
&#xD;
2019-09-30 10:31:03 - [MESSAGE][WARNING] - Timeout '0' is invalid. Using default page load timeout: '30'&#xD;
&#xD;
2019-09-30 10:31:04 - [MESSAGE][PASSED] - Tapped on element 'Object Repository/Post_Lost_Found/android.widget.RadioButton0 - Lost  Found'&#xD;
&#xD;
2019-09-30 10:31:04 - [TEST_STEP][PASSED] - tap(findTestObject("Post_Lost_Found/android.widget.TextView0 - NEXT (1)"), 0): Tapped on element 'Object Repository/Post_Lost_Found/android.widget.TextView0 - NEXT (1)'&#xD;
&#xD;
2019-09-30 10:31:04 - [MESSAGE][WARNING] - Timeout '0' is invalid. Using default page load timeout: '30'&#xD;
&#xD;
2019-09-30 10:31:06 - [MESSAGE][PASSED] - Tapped on element 'Object Repository/Post_Lost_Found/android.widget.TextView0 - NEXT (1)'&#xD;
&#xD;
2019-09-30 10:31:06 - [TEST_STEP][PASSED] - Thread.sleep(20000): null&#xD;
&#xD;
2019-09-30 10:31:26 - [TEST_STEP][PASSED] - setText(findTestObject("Post_Lost_Found/android.widget.EditText0 - Subject"), "Lost my mobile", 0): Text 'Lost my mobile' has been set to element 'Object Repository/Post_Lost_Found/android.widget.EditText0 - Subject'&#xD;
&#xD;
2019-09-30 10:31:26 - [MESSAGE][WARNING] - Timeout '0' is invalid. Using default page load timeout: '30'&#xD;
&#xD;
2019-09-30 10:31:27 - [MESSAGE][PASSED] - Text 'Lost my mobile' has been set to element 'Object Repository/Post_Lost_Found/android.widget.EditText0 - Subject'&#xD;
&#xD;
2019-09-30 10:31:27 - [TEST_STEP][PASSED] - setText(findTestObject("Post_Lost_Found/android.widget.EditText0 - Message"), "redmi ", 0): Text 'redmi ' has been set to element 'Object Repository/Post_Lost_Found/android.widget.EditText0 - Message'&#xD;
&#xD;
2019-09-30 10:31:27 - [MESSAGE][WARNING] - Timeout '0' is invalid. Using default page load timeout: '30'&#xD;
&#xD;
2019-09-30 10:31:29 - [MESSAGE][PASSED] - Text 'redmi ' has been set to element 'Object Repository/Post_Lost_Found/android.widget.EditText0 - Message'&#xD;
&#xD;
2019-09-30 10:31:29 - [TEST_STEP][PASSED] - tap(findTestObject("Post_Lost_Found/android.widget.TextView0 - NEXT (2)"), 0): Tapped on element 'Object Repository/Post_Lost_Found/android.widget.TextView0 - NEXT (2)'&#xD;
&#xD;
2019-09-30 10:31:29 - [MESSAGE][WARNING] - Timeout '0' is invalid. Using default page load timeout: '30'&#xD;
&#xD;
2019-09-30 10:31:31 - [MESSAGE][PASSED] - Tapped on element 'Object Repository/Post_Lost_Found/android.widget.TextView0 - NEXT (2)'&#xD;
&#xD;
2019-09-30 10:31:31 - [TEST_STEP][PASSED] - tap(findTestObject("Post_Lost_Found/android.widget.TextView0 - POST"), 0): Tapped on element 'Object Repository/Post_Lost_Found/android.widget.TextView0 - POST'&#xD;
&#xD;
2019-09-30 10:31:31 - [MESSAGE][WARNING] - Timeout '0' is invalid. Using default page load timeout: '30'&#xD;
&#xD;
2019-09-30 10:31:35 - [MESSAGE][PASSED] - Tapped on element 'Object Repository/Post_Lost_Found/android.widget.TextView0 - POST'&#xD;
&#xD;
2019-09-30 10:31:35 - [TEST_STEP][PASSED] - tap(findTestObject("Post_Lost_Found/android.widget.FrameLayout0 (1)"), 0): Tapped on element 'Object Repository/Post_Lost_Found/android.widget.FrameLayout0 (1)'&#xD;
&#xD;
2019-09-30 10:31:35 - [MESSAGE][WARNING] - Timeout '0' is invalid. Using default page load timeout: '30'&#xD;
&#xD;
2019-09-30 10:31:36 - [MESSAGE][PASSED] - Tapped on element 'Object Repository/Post_Lost_Found/android.widget.FrameLayout0 (1)'&#xD;
&#xD;
2019-09-30 10:31:36 - [TEST_STEP][PASSED] - Thread.sleep(30000): null&#xD;
&#xD;
2019-09-30 10:32:06 - [TEST_STEP][PASSED] - tap(findTestObject("Post_Lost_Found/android.widget.LinearLayout0 (1)"), 0): Tapped on element 'Object Repository/Post_Lost_Found/android.widget.LinearLayout0 (1)'&#xD;
&#xD;
2019-09-30 10:32:06 - [MESSAGE][WARNING] - Timeout '0' is invalid. Using default page load timeout: '30'&#xD;
&#xD;
2019-09-30 10:32:10 - [MESSAGE][PASSED] - Tapped on element 'Object Repository/Post_Lost_Found/android.widget.LinearLayout0 (1)'&#xD;
&#xD;
2019-09-30 10:32:10 - [TEST_STEP][PASSED] - tap(findTestObject("Post_Lost_Found/android.widget.TextView0 - Yes"), 0): Tapped on element 'Object Repository/Post_Lost_Found/android.widget.TextView0 - Yes'&#xD;
&#xD;
2019-09-30 10:32:10 - [MESSAGE][WARNING] - Timeout '0' is invalid. Using default page load timeout: '30'&#xD;
&#xD;
2019-09-30 10:32:11 - [MESSAGE][PASSED] - Tapped on element 'Object Repository/Post_Lost_Found/android.widget.TextView0 - Yes'&#xD;
&#xD;
2019-09-30 10:32:11 - [TEST_STEP][PASSED] - closeApplication(): Close app successfully&#xD;
&#xD;
2019-09-30 10:32:13 - [MESSAGE][PASSED] - Close app successfully</system-out>
            <system-err></system-err>
        </testcase>
        <testcase name="Test Cases/Post_Rent" classname="Test Cases/Post_Rent" status="PASSED">
            <system-out>2019-09-30 10:32:13 - [TEST_CASE][PASSED] - Test Cases/Post_Rent: Test Cases/Post_Rent&#xD;
&#xD;
2019-09-30 10:32:13 - [TEST_STEP][PASSED] - startApplication("C:\Users\sudheer.indlamudi\Downloads\india.com-v1.2.2.apk", true): Started app at: 'C:\Users\sudheer.indlamudi\Downloads\india.com-v1.2.2.apk'&#xD;
&#xD;
2019-09-30 10:32:15 - [MESSAGE][INFO] - Appium server started on port 64,062&#xD;
&#xD;
2019-09-30 10:32:33 - [MESSAGE][PASSED] - Started app at: 'C:\Users\sudheer.indlamudi\Downloads\india.com-v1.2.2.apk'&#xD;
&#xD;
2019-09-30 10:32:33 - [TEST_STEP][PASSED] - tap(findTestObject("Post_Rent/android.widget.TextView0 - NEXT"), 0): Tapped on element 'Object Repository/Post_Rent/android.widget.TextView0 - NEXT'&#xD;
&#xD;
2019-09-30 10:32:33 - [MESSAGE][WARNING] - Timeout '0' is invalid. Using default page load timeout: '30'&#xD;
&#xD;
2019-09-30 10:32:37 - [MESSAGE][PASSED] - Tapped on element 'Object Repository/Post_Rent/android.widget.TextView0 - NEXT'&#xD;
&#xD;
2019-09-30 10:32:37 - [TEST_STEP][PASSED] - tap(findTestObject("Post_Rent/android.widget.TextView0 - LOGIN"), 0): Tapped on element 'Object Repository/Post_Rent/android.widget.TextView0 - LOGIN'&#xD;
&#xD;
2019-09-30 10:32:37 - [MESSAGE][WARNING] - Timeout '0' is invalid. Using default page load timeout: '30'&#xD;
&#xD;
2019-09-30 10:32:39 - [MESSAGE][PASSED] - Tapped on element 'Object Repository/Post_Rent/android.widget.TextView0 - LOGIN'&#xD;
&#xD;
2019-09-30 10:32:39 - [TEST_STEP][PASSED] - setText(findTestObject("Post_Rent/android.widget.EditText0 - Email ID"), "sudheer@mailnesia.com", 0): Text 'sudheer@mailnesia.com' has been set to element 'Object Repository/Post_Rent/android.widget.EditText0 - Email ID'&#xD;
&#xD;
2019-09-30 10:32:39 - [MESSAGE][WARNING] - Timeout '0' is invalid. Using default page load timeout: '30'&#xD;
&#xD;
2019-09-30 10:32:40 - [MESSAGE][PASSED] - Text 'sudheer@mailnesia.com' has been set to element 'Object Repository/Post_Rent/android.widget.EditText0 - Email ID'&#xD;
&#xD;
2019-09-30 10:32:40 - [TEST_STEP][PASSED] - setText(findTestObject("Post_Rent/android.widget.EditText0 - Password"), "1234567", 0): Text '1234567' has been set to element 'Object Repository/Post_Rent/android.widget.EditText0 - Password'&#xD;
&#xD;
2019-09-30 10:32:40 - [MESSAGE][WARNING] - Timeout '0' is invalid. Using default page load timeout: '30'&#xD;
&#xD;
2019-09-30 10:32:42 - [MESSAGE][PASSED] - Text '1234567' has been set to element 'Object Repository/Post_Rent/android.widget.EditText0 - Password'&#xD;
&#xD;
2019-09-30 10:32:42 - [TEST_STEP][PASSED] - tap(findTestObject("Post_Rent/android.widget.ImageButton0"), 0): Tapped on element 'Object Repository/Post_Rent/android.widget.ImageButton0'&#xD;
&#xD;
2019-09-30 10:32:42 - [MESSAGE][WARNING] - Timeout '0' is invalid. Using default page load timeout: '30'&#xD;
&#xD;
2019-09-30 10:32:44 - [MESSAGE][PASSED] - Tapped on element 'Object Repository/Post_Rent/android.widget.ImageButton0'&#xD;
&#xD;
2019-09-30 10:32:44 - [TEST_STEP][PASSED] - tap(findTestObject("Post_Rent/android.widget.TextView0 - LOGIN (1)"), 0): Tapped on element 'Object Repository/Post_Rent/android.widget.TextView0 - LOGIN (1)'&#xD;
&#xD;
2019-09-30 10:32:44 - [MESSAGE][WARNING] - Timeout '0' is invalid. Using default page load timeout: '30'&#xD;
&#xD;
2019-09-30 10:32:46 - [MESSAGE][PASSED] - Tapped on element 'Object Repository/Post_Rent/android.widget.TextView0 - LOGIN (1)'&#xD;
&#xD;
2019-09-30 10:32:46 - [TEST_STEP][PASSED] - tap(findTestObject("Post_Rent/android.widget.FrameLayout0"), 0): Tapped on element 'Object Repository/Post_Rent/android.widget.FrameLayout0'&#xD;
&#xD;
2019-09-30 10:32:46 - [MESSAGE][WARNING] - Timeout '0' is invalid. Using default page load timeout: '30'&#xD;
&#xD;
2019-09-30 10:32:50 - [MESSAGE][PASSED] - Tapped on element 'Object Repository/Post_Rent/android.widget.FrameLayout0'&#xD;
&#xD;
2019-09-30 10:32:50 - [TEST_STEP][PASSED] - tap(findTestObject("Post_Rent/android.widget.TextView0 - Post"), 0): Tapped on element 'Object Repository/Post_Rent/android.widget.TextView0 - Post'&#xD;
&#xD;
2019-09-30 10:32:50 - [MESSAGE][WARNING] - Timeout '0' is invalid. Using default page load timeout: '30'&#xD;
&#xD;
2019-09-30 10:32:52 - [MESSAGE][PASSED] - Tapped on element 'Object Repository/Post_Rent/android.widget.TextView0 - Post'&#xD;
&#xD;
2019-09-30 10:32:52 - [TEST_STEP][PASSED] - tap(findTestObject("Post_Rent/android.widget.RadioButton0 - Buy Sell or Rent"), 0): Tapped on element 'Object Repository/Post_Rent/android.widget.RadioButton0 - Buy Sell or Rent'&#xD;
&#xD;
2019-09-30 10:32:52 - [MESSAGE][WARNING] - Timeout '0' is invalid. Using default page load timeout: '30'&#xD;
&#xD;
2019-09-30 10:32:54 - [MESSAGE][PASSED] - Tapped on element 'Object Repository/Post_Rent/android.widget.RadioButton0 - Buy Sell or Rent'&#xD;
&#xD;
2019-09-30 10:32:54 - [TEST_STEP][PASSED] - tap(findTestObject("Post_Rent/android.widget.TextView0 - NEXT (1)"), 0): Tapped on element 'Object Repository/Post_Rent/android.widget.TextView0 - NEXT (1)'&#xD;
&#xD;
2019-09-30 10:32:54 - [MESSAGE][WARNING] - Timeout '0' is invalid. Using default page load timeout: '30'&#xD;
&#xD;
2019-09-30 10:32:55 - [MESSAGE][PASSED] - Tapped on element 'Object Repository/Post_Rent/android.widget.TextView0 - NEXT (1)'&#xD;
&#xD;
2019-09-30 10:32:55 - [TEST_STEP][PASSED] - tap(findTestObject("Post_Rent/android.widget.RadioButton0 - Rent"), 0): Tapped on element 'Object Repository/Post_Rent/android.widget.RadioButton0 - Rent'&#xD;
&#xD;
2019-09-30 10:32:55 - [MESSAGE][WARNING] - Timeout '0' is invalid. Using default page load timeout: '30'&#xD;
&#xD;
2019-09-30 10:32:56 - [MESSAGE][PASSED] - Tapped on element 'Object Repository/Post_Rent/android.widget.RadioButton0 - Rent'&#xD;
&#xD;
2019-09-30 10:32:56 - [TEST_STEP][PASSED] - setText(findTestObject("Post_Rent/android.widget.EditText0 - Title"), "The most difficult thing is the decision to act, the rest is merely tenacity. The fears are paper tigers. You can do anything you decide to do. You can act to change and control your life; and the procedure, the process is its own reward", 0): Text 'The most difficult thing is the decision to act, the rest is merely tenacity. The fears are paper tigers. You can do anything you decide to do. You can act to change and control your life; and the procedure, the process is its own reward' has been set to element 'Object Repository/Post_Rent/android.widget.EditText0 - Title'&#xD;
&#xD;
2019-09-30 10:32:56 - [MESSAGE][WARNING] - Timeout '0' is invalid. Using default page load timeout: '30'&#xD;
&#xD;
2019-09-30 10:32:57 - [MESSAGE][PASSED] - Text 'The most difficult thing is the decision to act, the rest is merely tenacity. The fears are paper tigers. You can do anything you decide to do. You can act to change and control your life; and the procedure, the process is its own reward' has been set to element 'Object Repository/Post_Rent/android.widget.EditText0 - Title'&#xD;
&#xD;
2019-09-30 10:32:57 - [TEST_STEP][PASSED] - tap(findTestObject("Post_Rent/android.widget.Switch0 - Off"), 0): Tapped on element 'Object Repository/Post_Rent/android.widget.Switch0 - Off'&#xD;
&#xD;
2019-09-30 10:32:57 - [MESSAGE][WARNING] - Timeout '0' is invalid. Using default page load timeout: '30'&#xD;
&#xD;
2019-09-30 10:32:59 - [MESSAGE][PASSED] - Tapped on element 'Object Repository/Post_Rent/android.widget.Switch0 - Off'&#xD;
&#xD;
2019-09-30 10:32:59 - [TEST_STEP][PASSED] - setText(findTestObject("Post_Rent/android.widget.EditText0 - Details (size color condition etc.)"), "Do not mind anything that anyone tells you about anyone else. Judge everyone and everything for yourself,Take up one idea. Make that one idea your life - think of it, dream of it, live on that idea. Let the brain, muscles, nerves, every part of your body, be full of that idea, and just leave every other idea alone. This is the way to success", 0): Text 'Do not mind anything that anyone tells you about anyone else. Judge everyone and everything for yourself,Take up one idea. Make that one idea your life - think of it, dream of it, live on that idea. Let the brain, muscles, nerves, every part of your body, be full of that idea, and just leave every other idea alone. This is the way to success' has been set to element 'Object Repository/Post_Rent/android.widget.EditText0 - Details (size color condition etc.)'&#xD;
&#xD;
2019-09-30 10:32:59 - [MESSAGE][WARNING] - Timeout '0' is invalid. Using default page load timeout: '30'&#xD;
&#xD;
2019-09-30 10:33:00 - [MESSAGE][PASSED] - Text 'Do not mind anything that anyone tells you about anyone else. Judge everyone and everything for yourself,Take up one idea. Make that one idea your life - think of it, dream of it, live on that idea. Let the brain, muscles, nerves, every part of your body, be full of that idea, and just leave every other idea alone. This is the way to success' has been set to element 'Object Repository/Post_Rent/android.widget.EditText0 - Details (size color condition etc.)'&#xD;
&#xD;
2019-09-30 10:33:00 - [TEST_STEP][PASSED] - tap(findTestObject("Post_Rent/android.widget.TextView0 - NEXT (2)"), 0): Tapped on element 'Object Repository/Post_Rent/android.widget.TextView0 - NEXT (2)'&#xD;
&#xD;
2019-09-30 10:33:00 - [MESSAGE][WARNING] - Timeout '0' is invalid. Using default page load timeout: '30'&#xD;
&#xD;
2019-09-30 10:33:03 - [MESSAGE][PASSED] - Tapped on element 'Object Repository/Post_Rent/android.widget.TextView0 - NEXT (2)'&#xD;
&#xD;
2019-09-30 10:33:03 - [TEST_STEP][PASSED] - tap(findTestObject("Post_Rent/android.widget.RadioButton0 - Electronics"), 0): Tapped on element 'Object Repository/Post_Rent/android.widget.RadioButton0 - Electronics'&#xD;
&#xD;
2019-09-30 10:33:03 - [MESSAGE][WARNING] - Timeout '0' is invalid. Using default page load timeout: '30'&#xD;
&#xD;
2019-09-30 10:33:04 - [MESSAGE][PASSED] - Tapped on element 'Object Repository/Post_Rent/android.widget.RadioButton0 - Electronics'&#xD;
&#xD;
2019-09-30 10:33:04 - [TEST_STEP][PASSED] - tap(findTestObject("Post_Rent/android.widget.TextView0 - NEXT (2)"), 0): Tapped on element 'Object Repository/Post_Rent/android.widget.TextView0 - NEXT (2)'&#xD;
&#xD;
2019-09-30 10:33:04 - [MESSAGE][WARNING] - Timeout '0' is invalid. Using default page load timeout: '30'&#xD;
&#xD;
2019-09-30 10:33:06 - [MESSAGE][PASSED] - Tapped on element 'Object Repository/Post_Rent/android.widget.TextView0 - NEXT (2)'&#xD;
&#xD;
2019-09-30 10:33:06 - [TEST_STEP][PASSED] - tap(findTestObject("Post_Rent/android.widget.RadioButton0 - Your nearby neighbourhoods"), 0): Tapped on element 'Object Repository/Post_Rent/android.widget.RadioButton0 - Your nearby neighbourhoods'&#xD;
&#xD;
2019-09-30 10:33:06 - [MESSAGE][WARNING] - Timeout '0' is invalid. Using default page load timeout: '30'&#xD;
&#xD;
2019-09-30 10:33:07 - [MESSAGE][PASSED] - Tapped on element 'Object Repository/Post_Rent/android.widget.RadioButton0 - Your nearby neighbourhoods'&#xD;
&#xD;
2019-09-30 10:33:07 - [TEST_STEP][PASSED] - tap(findTestObject("Post_Rent/android.widget.ImageView0"), 0): Tapped on element 'Object Repository/Post_Rent/android.widget.ImageView0'&#xD;
&#xD;
2019-09-30 10:33:07 - [MESSAGE][WARNING] - Timeout '0' is invalid. Using default page load timeout: '30'&#xD;
&#xD;
2019-09-30 10:33:09 - [MESSAGE][PASSED] - Tapped on element 'Object Repository/Post_Rent/android.widget.ImageView0'&#xD;
&#xD;
2019-09-30 10:33:09 - [TEST_STEP][PASSED] - tap(findTestObject("Post_Rent/android.widget.TextView0 - POST (1)"), 0): Tapped on element 'Object Repository/Post_Rent/android.widget.TextView0 - POST (1)'&#xD;
&#xD;
2019-09-30 10:33:09 - [MESSAGE][WARNING] - Timeout '0' is invalid. Using default page load timeout: '30'&#xD;
&#xD;
2019-09-30 10:33:12 - [MESSAGE][PASSED] - Tapped on element 'Object Repository/Post_Rent/android.widget.TextView0 - POST (1)'&#xD;
&#xD;
2019-09-30 10:33:12 - [TEST_STEP][PASSED] - tap(findTestObject("Post_Rent/android.widget.FrameLayout0 (1)"), 0): Tapped on element 'Object Repository/Post_Rent/android.widget.FrameLayout0 (1)'&#xD;
&#xD;
2019-09-30 10:33:12 - [MESSAGE][WARNING] - Timeout '0' is invalid. Using default page load timeout: '30'&#xD;
&#xD;
2019-09-30 10:33:14 - [MESSAGE][PASSED] - Tapped on element 'Object Repository/Post_Rent/android.widget.FrameLayout0 (1)'&#xD;
&#xD;
2019-09-30 10:33:14 - [TEST_STEP][PASSED] - tap(findTestObject("Post_Rent/android.widget.LinearLayout0"), 0): Tapped on element 'Object Repository/Post_Rent/android.widget.LinearLayout0'&#xD;
&#xD;
2019-09-30 10:33:14 - [MESSAGE][WARNING] - Timeout '0' is invalid. Using default page load timeout: '30'&#xD;
&#xD;
2019-09-30 10:33:16 - [MESSAGE][PASSED] - Tapped on element 'Object Repository/Post_Rent/android.widget.LinearLayout0'&#xD;
&#xD;
2019-09-30 10:33:16 - [TEST_STEP][PASSED] - tap(findTestObject("Post_Rent/android.widget.TextView0 - Yes"), 0): Tapped on element 'Object Repository/Post_Rent/android.widget.TextView0 - Yes'&#xD;
&#xD;
2019-09-30 10:33:16 - [MESSAGE][WARNING] - Timeout '0' is invalid. Using default page load timeout: '30'&#xD;
&#xD;
2019-09-30 10:33:18 - [MESSAGE][PASSED] - Tapped on element 'Object Repository/Post_Rent/android.widget.TextView0 - Yes'&#xD;
&#xD;
2019-09-30 10:33:18 - [TEST_STEP][PASSED] - closeApplication(): Close app successfully&#xD;
&#xD;
2019-09-30 10:33:20 - [MESSAGE][PASSED] - Close app successfully</system-out>
            <system-err></system-err>
        </testcase>
        <testcase name="Test Cases/Post_Sell" classname="Test Cases/Post_Sell" status="PASSED">
            <system-out>2019-09-30 10:33:20 - [TEST_CASE][PASSED] - Test Cases/Post_Sell: Test Cases/Post_Sell&#xD;
&#xD;
2019-09-30 10:33:20 - [TEST_STEP][PASSED] - startApplication("C:\Users\sudheer.indlamudi\Downloads\india.com-v1.2.2.apk", true): Started app at: 'C:\Users\sudheer.indlamudi\Downloads\india.com-v1.2.2.apk'&#xD;
&#xD;
2019-09-30 10:33:21 - [MESSAGE][INFO] - Appium server started on port 64,400&#xD;
&#xD;
2019-09-30 10:33:41 - [MESSAGE][PASSED] - Started app at: 'C:\Users\sudheer.indlamudi\Downloads\india.com-v1.2.2.apk'&#xD;
&#xD;
2019-09-30 10:33:41 - [TEST_STEP][PASSED] - tap(findTestObject("Post_Sell/android.widget.TextView0 - NEXT"), 0): Tapped on element 'Object Repository/Post_Sell/android.widget.TextView0 - NEXT'&#xD;
&#xD;
2019-09-30 10:33:41 - [MESSAGE][WARNING] - Timeout '0' is invalid. Using default page load timeout: '30'&#xD;
&#xD;
2019-09-30 10:33:46 - [MESSAGE][PASSED] - Tapped on element 'Object Repository/Post_Sell/android.widget.TextView0 - NEXT'&#xD;
&#xD;
2019-09-30 10:33:46 - [TEST_STEP][PASSED] - tap(findTestObject("Post_Sell/android.widget.TextView0 - LOGIN"), 0): Tapped on element 'Object Repository/Post_Sell/android.widget.TextView0 - LOGIN'&#xD;
&#xD;
2019-09-30 10:33:46 - [MESSAGE][WARNING] - Timeout '0' is invalid. Using default page load timeout: '30'&#xD;
&#xD;
2019-09-30 10:33:47 - [MESSAGE][PASSED] - Tapped on element 'Object Repository/Post_Sell/android.widget.TextView0 - LOGIN'&#xD;
&#xD;
2019-09-30 10:33:47 - [TEST_STEP][PASSED] - setText(findTestObject("Post_Sell/android.widget.EditText0 - Email ID"), "sudheer@mailnesia.com", 0): Text 'sudheer@mailnesia.com' has been set to element 'Object Repository/Post_Sell/android.widget.EditText0 - Email ID'&#xD;
&#xD;
2019-09-30 10:33:47 - [MESSAGE][WARNING] - Timeout '0' is invalid. Using default page load timeout: '30'&#xD;
&#xD;
2019-09-30 10:33:48 - [MESSAGE][PASSED] - Text 'sudheer@mailnesia.com' has been set to element 'Object Repository/Post_Sell/android.widget.EditText0 - Email ID'&#xD;
&#xD;
2019-09-30 10:33:48 - [TEST_STEP][PASSED] - setText(findTestObject("Post_Sell/android.widget.EditText0 - Password"), "1234567", 0): Text '1234567' has been set to element 'Object Repository/Post_Sell/android.widget.EditText0 - Password'&#xD;
&#xD;
2019-09-30 10:33:49 - [MESSAGE][WARNING] - Timeout '0' is invalid. Using default page load timeout: '30'&#xD;
&#xD;
2019-09-30 10:33:50 - [MESSAGE][PASSED] - Text '1234567' has been set to element 'Object Repository/Post_Sell/android.widget.EditText0 - Password'&#xD;
&#xD;
2019-09-30 10:33:50 - [TEST_STEP][PASSED] - tap(findTestObject("Post_Sell/android.widget.ImageButton0"), 0): Tapped on element 'Object Repository/Post_Sell/android.widget.ImageButton0'&#xD;
&#xD;
2019-09-30 10:33:50 - [MESSAGE][WARNING] - Timeout '0' is invalid. Using default page load timeout: '30'&#xD;
&#xD;
2019-09-30 10:33:52 - [MESSAGE][PASSED] - Tapped on element 'Object Repository/Post_Sell/android.widget.ImageButton0'&#xD;
&#xD;
2019-09-30 10:33:52 - [TEST_STEP][PASSED] - tap(findTestObject("Post_Sell/android.widget.TextView0 - LOGIN (1)"), 0): Tapped on element 'Object Repository/Post_Sell/android.widget.TextView0 - LOGIN (1)'&#xD;
&#xD;
2019-09-30 10:33:52 - [MESSAGE][WARNING] - Timeout '0' is invalid. Using default page load timeout: '30'&#xD;
&#xD;
2019-09-30 10:33:53 - [MESSAGE][PASSED] - Tapped on element 'Object Repository/Post_Sell/android.widget.TextView0 - LOGIN (1)'&#xD;
&#xD;
2019-09-30 10:33:53 - [TEST_STEP][PASSED] - tap(findTestObject("Post_Sell/android.widget.FrameLayout0"), 0): Tapped on element 'Object Repository/Post_Sell/android.widget.FrameLayout0'&#xD;
&#xD;
2019-09-30 10:33:53 - [MESSAGE][WARNING] - Timeout '0' is invalid. Using default page load timeout: '30'&#xD;
&#xD;
2019-09-30 10:33:59 - [MESSAGE][PASSED] - Tapped on element 'Object Repository/Post_Sell/android.widget.FrameLayout0'&#xD;
&#xD;
2019-09-30 10:33:59 - [TEST_STEP][PASSED] - tap(findTestObject("Post_Sell/android.widget.TextView0 - Post"), 0): Tapped on element 'Object Repository/Post_Sell/android.widget.TextView0 - Post'&#xD;
&#xD;
2019-09-30 10:33:59 - [MESSAGE][WARNING] - Timeout '0' is invalid. Using default page load timeout: '30'&#xD;
&#xD;
2019-09-30 10:34:01 - [MESSAGE][PASSED] - Tapped on element 'Object Repository/Post_Sell/android.widget.TextView0 - Post'&#xD;
&#xD;
2019-09-30 10:34:01 - [TEST_STEP][PASSED] - tap(findTestObject("Post_Sell/android.widget.RadioButton0 - Buy Sell or Rent"), 0): Tapped on element 'Object Repository/Post_Sell/android.widget.RadioButton0 - Buy Sell or Rent'&#xD;
&#xD;
2019-09-30 10:34:01 - [MESSAGE][WARNING] - Timeout '0' is invalid. Using default page load timeout: '30'&#xD;
&#xD;
2019-09-30 10:34:02 - [MESSAGE][PASSED] - Tapped on element 'Object Repository/Post_Sell/android.widget.RadioButton0 - Buy Sell or Rent'&#xD;
&#xD;
2019-09-30 10:34:02 - [TEST_STEP][PASSED] - tap(findTestObject("Post_Sell/android.widget.TextView0 - NEXT (1)"), 0): Tapped on element 'Object Repository/Post_Sell/android.widget.TextView0 - NEXT (1)'&#xD;
&#xD;
2019-09-30 10:34:02 - [MESSAGE][WARNING] - Timeout '0' is invalid. Using default page load timeout: '30'&#xD;
&#xD;
2019-09-30 10:34:03 - [MESSAGE][PASSED] - Tapped on element 'Object Repository/Post_Sell/android.widget.TextView0 - NEXT (1)'&#xD;
&#xD;
2019-09-30 10:34:03 - [TEST_STEP][PASSED] - tap(findTestObject("Post_Sell/android.widget.RadioButton0 - Sell"), 0): Tapped on element 'Object Repository/Post_Sell/android.widget.RadioButton0 - Sell'&#xD;
&#xD;
2019-09-30 10:34:03 - [MESSAGE][WARNING] - Timeout '0' is invalid. Using default page load timeout: '30'&#xD;
&#xD;
2019-09-30 10:34:05 - [MESSAGE][PASSED] - Tapped on element 'Object Repository/Post_Sell/android.widget.RadioButton0 - Sell'&#xD;
&#xD;
2019-09-30 10:34:05 - [TEST_STEP][PASSED] - setText(findTestObject("Post_Sell/android.widget.EditText0 - Title"), "neighbourhood application ", 0): Text 'neighbourhood application ' has been set to element 'Object Repository/Post_Sell/android.widget.EditText0 - Title'&#xD;
&#xD;
2019-09-30 10:34:05 - [MESSAGE][WARNING] - Timeout '0' is invalid. Using default page load timeout: '30'&#xD;
&#xD;
2019-09-30 10:34:06 - [MESSAGE][PASSED] - Text 'neighbourhood application ' has been set to element 'Object Repository/Post_Sell/android.widget.EditText0 - Title'&#xD;
&#xD;
2019-09-30 10:34:06 - [TEST_STEP][PASSED] - tap(findTestObject("Post_Sell/android.widget.Switch0 - Off"), 0): Tapped on element 'Object Repository/Post_Sell/android.widget.Switch0 - Off'&#xD;
&#xD;
2019-09-30 10:34:06 - [MESSAGE][WARNING] - Timeout '0' is invalid. Using default page load timeout: '30'&#xD;
&#xD;
2019-09-30 10:34:08 - [MESSAGE][PASSED] - Tapped on element 'Object Repository/Post_Sell/android.widget.Switch0 - Off'&#xD;
&#xD;
2019-09-30 10:34:08 - [TEST_STEP][PASSED] - setText(findTestObject("Post_Sell/android.widget.EditText0 - Details (size color condition etc.)"), "Zee5 india Kondapur colour blue ", 0): Text 'Zee5 india Kondapur colour blue ' has been set to element 'Object Repository/Post_Sell/android.widget.EditText0 - Details (size color condition etc.)'&#xD;
&#xD;
2019-09-30 10:34:08 - [MESSAGE][WARNING] - Timeout '0' is invalid. Using default page load timeout: '30'&#xD;
&#xD;
2019-09-30 10:34:10 - [MESSAGE][PASSED] - Text 'Zee5 india Kondapur colour blue ' has been set to element 'Object Repository/Post_Sell/android.widget.EditText0 - Details (size color condition etc.)'&#xD;
&#xD;
2019-09-30 10:34:10 - [TEST_STEP][PASSED] - tap(findTestObject("Post_Sell/android.widget.TextView0 - NEXT (2)"), 0): Tapped on element 'Object Repository/Post_Sell/android.widget.TextView0 - NEXT (2)'&#xD;
&#xD;
2019-09-30 10:34:10 - [MESSAGE][WARNING] - Timeout '0' is invalid. Using default page load timeout: '30'&#xD;
&#xD;
2019-09-30 10:34:12 - [MESSAGE][PASSED] - Tapped on element 'Object Repository/Post_Sell/android.widget.TextView0 - NEXT (2)'&#xD;
&#xD;
2019-09-30 10:34:12 - [TEST_STEP][PASSED] - tap(findTestObject("Post_Sell/android.widget.RadioButton0 - Bicycles"), 0): Tapped on element 'Object Repository/Post_Sell/android.widget.RadioButton0 - Bicycles'&#xD;
&#xD;
2019-09-30 10:34:12 - [MESSAGE][WARNING] - Timeout '0' is invalid. Using default page load timeout: '30'&#xD;
&#xD;
2019-09-30 10:34:14 - [MESSAGE][PASSED] - Tapped on element 'Object Repository/Post_Sell/android.widget.RadioButton0 - Bicycles'&#xD;
&#xD;
2019-09-30 10:34:14 - [TEST_STEP][PASSED] - tap(findTestObject("Post_Sell/android.widget.TextView0 - NEXT (2)"), 0): Tapped on element 'Object Repository/Post_Sell/android.widget.TextView0 - NEXT (2)'&#xD;
&#xD;
2019-09-30 10:34:14 - [MESSAGE][WARNING] - Timeout '0' is invalid. Using default page load timeout: '30'&#xD;
&#xD;
2019-09-30 10:34:15 - [MESSAGE][PASSED] - Tapped on element 'Object Repository/Post_Sell/android.widget.TextView0 - NEXT (2)'&#xD;
&#xD;
2019-09-30 10:34:15 - [TEST_STEP][PASSED] - tap(findTestObject("Post_Sell/android.widget.RadioButton0 - Your nearby neighbourhoods"), 0): Tapped on element 'Object Repository/Post_Sell/android.widget.RadioButton0 - Your nearby neighbourhoods'&#xD;
&#xD;
[...]
&#xD;
2019-09-30 10:41:50 - [MESSAGE][WARNING] - Timeout '0' is invalid. Using default page load timeout: '30'&#xD;
&#xD;
2019-09-30 10:41:52 - [MESSAGE][PASSED] - Text 'We, Zee Entetainment Enterprised Limited ("we", "us", "ZEEL") value the trust placed in use by You and therefore, we follow the highest standards of privacy guidelines to protect the information shared by You with us.' has been set to element 'Object Repository/Post_Buy_1/android.widget.EditText0 - Details (size color condition etc.)'&#xD;
&#xD;
2019-09-30 10:41:52 - [TEST_STEP][PASSED] - tap(findTestObject("Post_Buy_1/android.widget.TextView0 - NEXT (2)"), 0): Tapped on element 'Object Repository/Post_Buy_1/android.widget.TextView0 - NEXT (2)'&#xD;
&#xD;
2019-09-30 10:41:52 - [MESSAGE][WARNING] - Timeout '0' is invalid. Using default page load timeout: '30'&#xD;
&#xD;
2019-09-30 10:41:54 - [MESSAGE][PASSED] - Tapped on element 'Object Repository/Post_Buy_1/android.widget.TextView0 - NEXT (2)'&#xD;
&#xD;
2019-09-30 10:41:54 - [TEST_STEP][PASSED] - tap(findTestObject("Post_Buy_1/android.widget.RadioButton0 - Furniture"), 0): Tapped on element 'Object Repository/Post_Buy_1/android.widget.RadioButton0 - Furniture'&#xD;
&#xD;
2019-09-30 10:41:54 - [MESSAGE][WARNING] - Timeout '0' is invalid. Using default page load timeout: '30'&#xD;
&#xD;
2019-09-30 10:41:56 - [MESSAGE][PASSED] - Tapped on element 'Object Repository/Post_Buy_1/android.widget.RadioButton0 - Furniture'&#xD;
&#xD;
2019-09-30 10:41:56 - [TEST_STEP][PASSED] - tap(findTestObject("Post_Buy_1/android.widget.TextView0 - NEXT (2)"), 0): Tapped on element 'Object Repository/Post_Buy_1/android.widget.TextView0 - NEXT (2)'&#xD;
&#xD;
2019-09-30 10:41:56 - [MESSAGE][WARNING] - Timeout '0' is invalid. Using default page load timeout: '30'&#xD;
&#xD;
2019-09-30 10:41:57 - [MESSAGE][PASSED] - Tapped on element 'Object Repository/Post_Buy_1/android.widget.TextView0 - NEXT (2)'&#xD;
&#xD;
2019-09-30 10:41:57 - [TEST_STEP][PASSED] - tap(findTestObject("Post_Buy_1/android.widget.TextView0 - POST (1)"), 0): Tapped on element 'Object Repository/Post_Buy_1/android.widget.TextView0 - POST (1)'&#xD;
&#xD;
2019-09-30 10:41:57 - [MESSAGE][WARNING] - Timeout '0' is invalid. Using default page load timeout: '30'&#xD;
&#xD;
2019-09-30 10:42:01 - [MESSAGE][PASSED] - Tapped on element 'Object Repository/Post_Buy_1/android.widget.TextView0 - POST (1)'&#xD;
&#xD;
2019-09-30 10:42:01 - [TEST_STEP][PASSED] - tap(findTestObject("Post_Buy_1/android.widget.FrameLayout0 (1)"), 0): Tapped on element 'Object Repository/Post_Buy_1/android.widget.FrameLayout0 (1)'&#xD;
&#xD;
2019-09-30 10:42:01 - [MESSAGE][WARNING] - Timeout '0' is invalid. Using default page load timeout: '30'&#xD;
&#xD;
2019-09-30 10:42:02 - [MESSAGE][PASSED] - Tapped on element 'Object Repository/Post_Buy_1/android.widget.FrameLayout0 (1)'&#xD;
&#xD;
2019-09-30 10:42:02 - [TEST_STEP][PASSED] - tap(findTestObject("Post_Buy_1/android.widget.LinearLayout0"), 0): Tapped on element 'Object Repository/Post_Buy_1/android.widget.LinearLayout0'&#xD;
&#xD;
2019-09-30 10:42:02 - [MESSAGE][WARNING] - Timeout '0' is invalid. Using default page load timeout: '30'&#xD;
&#xD;
2019-09-30 10:42:04 - [MESSAGE][PASSED] - Tapped on element 'Object Repository/Post_Buy_1/android.widget.LinearLayout0'&#xD;
&#xD;
2019-09-30 10:42:04 - [TEST_STEP][PASSED] - tap(findTestObject("Post_Buy_1/android.widget.TextView0 - Yes"), 0): Tapped on element 'Object Repository/Post_Buy_1/android.widget.TextView0 - Yes'&#xD;
&#xD;
2019-09-30 10:42:04 - [MESSAGE][WARNING] - Timeout '0' is invalid. Using default page load timeout: '30'&#xD;
&#xD;
2019-09-30 10:42:05 - [MESSAGE][PASSED] - Tapped on element 'Object Repository/Post_Buy_1/android.widget.TextView0 - Yes'&#xD;
&#xD;
2019-09-30 10:42:05 - [TEST_STEP][PASSED] - closeApplication(): Close app successfully&#xD;
&#xD;
2019-09-30 10:42:07 - [MESSAGE][PASSED] - Close app successfully</system-out>
            <system-err></system-err>
        </testcase>
        <testcase name="Test Cases/User_End_To_End_Flow" classname="Test Cases/User_End_To_End_Flow" status="PASSED">
            <system-out>2019-09-30 10:42:07 - [TEST_CASE][PASSED] - Test Cases/User_End_To_End_Flow: Test Cases/User_End_To_End_Flow&#xD;
&#xD;
2019-09-30 10:42:07 - [TEST_STEP][PASSED] - startApplication("C:\Users\sudheer.indlamudi\Downloads\india.com-v1.2.2.apk", true): Started app at: 'C:\Users\sudheer.indlamudi\Downloads\india.com-v1.2.2.apk'&#xD;
&#xD;
2019-09-30 10:42:10 - [MESSAGE][INFO] - Appium server started on port 50,777&#xD;
&#xD;
2019-09-30 10:42:27 - [MESSAGE][PASSED] - Started app at: 'C:\Users\sudheer.indlamudi\Downloads\india.com-v1.2.2.apk'&#xD;
&#xD;
2019-09-30 10:42:27 - [TEST_STEP][PASSED] - tap(findTestObject("User_End_To_End_Flow/android.widget.TextView0 - NEXT"), 0): Tapped on element 'Object Repository/User_End_To_End_Flow/android.widget.TextView0 - NEXT'&#xD;
&#xD;
2019-09-30 10:42:27 - [MESSAGE][WARNING] - Timeout '0' is invalid. Using default page load timeout: '30'&#xD;
&#xD;
2019-09-30 10:42:32 - [MESSAGE][PASSED] - Tapped on element 'Object Repository/User_End_To_End_Flow/android.widget.TextView0 - NEXT'&#xD;
&#xD;
2019-09-30 10:42:32 - [TEST_STEP][PASSED] - tap(findTestObject("User_End_To_End_Flow/android.widget.TextView0 - LOGIN"), 0): Tapped on element 'Object Repository/User_End_To_End_Flow/android.widget.TextView0 - LOGIN'&#xD;
&#xD;
2019-09-30 10:42:32 - [MESSAGE][WARNING] - Timeout '0' is invalid. Using default page load timeout: '30'&#xD;
&#xD;
2019-09-30 10:42:33 - [MESSAGE][PASSED] - Tapped on element 'Object Repository/User_End_To_End_Flow/android.widget.TextView0 - LOGIN'&#xD;
&#xD;
2019-09-30 10:42:33 - [TEST_STEP][PASSED] - setText(findTestObject("User_End_To_End_Flow/android.widget.EditText0 - Email ID"), "sudheer@mailnesia.com", 0): Text 'sudheer@mailnesia.com' has been set to element 'Object Repository/User_End_To_End_Flow/android.widget.EditText0 - Email ID'&#xD;
&#xD;
2019-09-30 10:42:33 - [MESSAGE][WARNING] - Timeout '0' is invalid. Using default page load timeout: '30'&#xD;
&#xD;
2019-09-30 10:42:34 - [MESSAGE][PASSED] - Text 'sudheer@mailnesia.com' has been set to element 'Object Repository/User_End_To_End_Flow/android.widget.EditText0 - Email ID'&#xD;
&#xD;
2019-09-30 10:42:34 - [TEST_STEP][PASSED] - setText(findTestObject("User_End_To_End_Flow/android.widget.EditText0 - Password"), "1234567", 0): Text '1234567' has been set to element 'Object Repository/User_End_To_End_Flow/android.widget.EditText0 - Password'&#xD;
&#xD;
2019-09-30 10:42:34 - [MESSAGE][WARNING] - Timeout '0' is invalid. Using default page load timeout: '30'&#xD;
&#xD;
2019-09-30 10:42:36 - [MESSAGE][PASSED] - Text '1234567' has been set to element 'Object Repository/User_End_To_End_Flow/android.widget.EditText0 - Password'&#xD;
&#xD;
2019-09-30 10:42:36 - [TEST_STEP][PASSED] - tap(findTestObject("User_End_To_End_Flow/android.widget.ImageButton0"), 0): Tapped on element 'Object Repository/User_End_To_End_Flow/android.widget.ImageButton0'&#xD;
&#xD;
2019-09-30 10:42:36 - [MESSAGE][WARNING] - Timeout '0' is invalid. Using default page load timeout: '30'&#xD;
&#xD;
2019-09-30 10:42:38 - [MESSAGE][PASSED] - Tapped on element 'Object Repository/User_End_To_End_Flow/android.widget.ImageButton0'&#xD;
&#xD;
2019-09-30 10:42:38 - [TEST_STEP][PASSED] - tap(findTestObject("User_End_To_End_Flow/android.widget.TextView0 - LOGIN (1)"), 0): Tapped on element 'Object Repository/User_End_To_End_Flow/android.widget.TextView0 - LOGIN (1)'&#xD;
&#xD;
2019-09-30 10:42:38 - [MESSAGE][WARNING] - Timeout '0' is invalid. Using default page load timeout: '30'&#xD;
&#xD;
2019-09-30 10:42:39 - [MESSAGE][PASSED] - Tapped on element 'Object Repository/User_End_To_End_Flow/android.widget.TextView0 - LOGIN (1)'&#xD;
&#xD;
2019-09-30 10:42:39 - [TEST_STEP][PASSED] - Thread.sleep(30000): null&#xD;
&#xD;
2019-09-30 10:43:09 - [TEST_STEP][PASSED] - tap(findTestObject("User_Chat/android.widget.FrameLayout0"), 0): Tapped on element 'Object Repository/User_Chat/android.widget.FrameLayout0'&#xD;
&#xD;
2019-09-30 10:43:09 - [MESSAGE][WARNING] - Timeout '0' is invalid. Using default page load timeout: '30'&#xD;
&#xD;
2019-09-30 10:43:12 - [MESSAGE][PASSED] - Tapped on element 'Object Repository/User_Chat/android.widget.FrameLayout0'&#xD;
&#xD;
2019-09-30 10:43:12 - [TEST_STEP][PASSED] - tap(findTestObject("User_Chat/android.widget.LinearLayout0"), 0): Tapped on element 'Object Repository/User_Chat/android.widget.LinearLayout0'&#xD;
&#xD;
2019-09-30 10:43:12 - [MESSAGE][WARNING] - Timeout '0' is invalid. Using default page load timeout: '30'&#xD;
&#xD;
2019-09-30 10:43:14 - [MESSAGE][PASSED] - Tapped on element 'Object Repository/User_Chat/android.widget.LinearLayout0'&#xD;
&#xD;
2019-09-30 10:43:14 - [TEST_STEP][PASSED] - setText(findTestObject("User_End_To_End_Flow/android.widget.EditText0"), "Hiiiiii hello ", 0): Text 'Hiiiiii hello ' has been set to element 'Object Repository/User_End_To_End_Flow/android.widget.EditText0'&#xD;
&#xD;
2019-09-30 10:43:14 - [MESSAGE][WARNING] - Timeout '0' is invalid. Using default page load timeout: '30'&#xD;
&#xD;
2019-09-30 10:43:15 - [MESSAGE][PASSED] - Text 'Hiiiiii hello ' has been set to element 'Object Repository/User_End_To_End_Flow/android.widget.EditText0'&#xD;
&#xD;
2019-09-30 10:43:15 - [TEST_STEP][PASSED] - tap(findTestObject("User_End_To_End_Flow/android.widget.ImageButton0 (1)"), 0): Tapped on element 'Object Repository/User_End_To_End_Flow/android.widget.ImageButton0 (1)'&#xD;
&#xD;
2019-09-30 10:43:15 - [MESSAGE][WARNING] - Timeout '0' is invalid. Using default page load timeout: '30'&#xD;
&#xD;
2019-09-30 10:43:17 - [MESSAGE][PASSED] - Tapped on element 'Object Repository/User_End_To_End_Flow/android.widget.ImageButton0 (1)'&#xD;
&#xD;
2019-09-30 10:43:17 - [TEST_STEP][PASSED] - tap(findTestObject("User_End_To_End_Flow/android.widget.ImageView0"), 0): Tapped on element 'Object Repository/User_End_To_End_Flow/android.widget.ImageView0'&#xD;
&#xD;
2019-09-30 10:43:17 - [MESSAGE][WARNING] - Timeout '0' is invalid. Using default page load timeout: '30'&#xD;
&#xD;
2019-09-30 10:43:19 - [MESSAGE][PASSED] - Tapped on element 'Object Repository/User_End_To_End_Flow/android.widget.ImageView0'&#xD;
&#xD;
2019-09-30 10:43:19 - [TEST_STEP][PASSED] - tap(findTestObject("User_End_To_End_Flow/android.widget.FrameLayout0 (1)"), 0): Tapped on element 'Object Repository/User_End_To_End_Flow/android.widget.FrameLayout0 (1)'&#xD;
&#xD;
2019-09-30 10:43:19 - [MESSAGE][WARNING] - Timeout '0' is invalid. Using default page load timeout: '30'&#xD;
&#xD;
2019-09-30 10:43:21 - [MESSAGE][PASSED] - Tapped on element 'Object Repository/User_End_To_End_Flow/android.widget.FrameLayout0 (1)'&#xD;
&#xD;
2019-09-30 10:43:21 - [TEST_STEP][PASSED] - tap(findTestObject("User_End_To_End_Flow/android.widget.LinearLayout0 (1)"), 0): Tapped on element 'Object Repository/User_End_To_End_Flow/android.widget.LinearLayout0 (1)'&#xD;
&#xD;
2019-09-30 10:43:21 - [MESSAGE][WARNING] - Timeout '0' is invalid. Using default page load timeout: '30'&#xD;
&#xD;
2019-09-30 10:43:22 - [MESSAGE][PASSED] - Tapped on element 'Object Repository/User_End_To_End_Flow/android.widget.LinearLayout0 (1)'&#xD;
&#xD;
2019-09-30 10:43:22 - [TEST_STEP][PASSED] - tap(findTestObject("User_End_To_End_Flow/android.widget.TextView0 - NEXT (1)"), 0): Tapped on element 'Object Repository/User_End_To_End_Flow/android.widget.TextView0 - NEXT (1)'&#xD;
&#xD;
2019-09-30 10:43:22 - [MESSAGE][WARNING] - Timeout '0' is invalid. Using default page load timeout: '30'&#xD;
&#xD;
2019-09-30 10:43:23 - [MESSAGE][PASSED] - Tapped on element 'Object Repository/User_End_To_End_Flow/android.widget.TextView0 - NEXT (1)'&#xD;
&#xD;
2019-09-30 10:43:23 - [TEST_STEP][PASSED] - setText(findTestObject("User_End_To_End_Flow/android.widget.EditText0 - Subject"), "I love you the more in that I believe you had liked me for my own sake and for nothing else.But man is not made for defeat. A man can be destroyed but not defeated", 0): Text 'I love you the more in that I believe you had liked me for my own sake and for nothing else.But man is not made for defeat. A man can be destroyed but not defeated' has been set to element 'Object Repository/User_End_To_End_Flow/android.widget.EditText0 - Subject'&#xD;
&#xD;
2019-09-30 10:43:23 - [MESSAGE][WARNING] - Timeout '0' is invalid. Using default page load timeout: '30'&#xD;
&#xD;
2019-09-30 10:43:25 - [MESSAGE][PASSED] - Text 'I love you the more in that I believe you had liked me for my own sake and for nothing else.But man is not made for defeat. A man can be destroyed but not defeated' has been set to element 'Object Repository/User_End_To_End_Flow/android.widget.EditText0 - Subject'&#xD;
&#xD;
2019-09-30 10:43:25 - [TEST_STEP][PASSED] - setText(findTestObject("User_End_To_End_Flow/android.widget.EditText0 - Message"), "When you reach the end of your rope, tie a knot in it and hang on.Let us sacrifice our today so that our children can have a better tomorrow.The most difficult thing is the decision to act, the rest is merely tenacity. The fears are paper tigers. You can do anything you decide to do. You can act to change and control your life; and the procedure, the process is its own reward", 0): Text 'When you reach the end of your rope, tie a knot in it and hang on.Let us sacrifice our today so that our children can have a better tomorrow.The most difficult thing is the decision to act, the rest is merely tenacity. The fears are paper tigers. You can do anything you decide to do. You can act to change and control your life; and the procedure, the process is its own reward' has been set to element 'Object Repository/User_End_To_End_Flow/android.widget.EditText0 - Message'&#xD;
&#xD;
2019-09-30 10:43:25 - [MESSAGE][WARNING] - Timeout '0' is invalid. Using default page load timeout: '30'&#xD;
&#xD;
2019-09-30 10:43:27 - [MESSAGE][PASSED] - Text 'When you reach the end of your rope, tie a knot in it and hang on.Let us sacrifice our today so that our children can have a better tomorrow.The most difficult thing is the decision to act, the rest is merely tenacity. The fears are paper tigers. You can do anything you decide to do. You can act to change and control your life; and the procedure, the process is its own reward' has been set to element 'Object Repository/User_End_To_End_Flow/android.widget.EditText0 - Message'&#xD;
&#xD;
2019-09-30 10:43:27 - [TEST_STEP][PASSED] - tap(findTestObject("User_End_To_End_Flow/android.widget.TextView0 - NEXT (2)"), 0): Tapped on element 'Object Repository/User_End_To_End_Flow/android.widget.TextView0 - NEXT (2)'&#xD;
&#xD;
2019-09-30 10:43:27 - [MESSAGE][WARNING] - Timeout '0' is invalid. Using default page load timeout: '30'&#xD;
&#xD;
2019-09-30 10:43:29 - [MESSAGE][PASSED] - Tapped on element 'Object Repository/User_End_To_End_Flow/android.widget.TextView0 - NEXT (2)'&#xD;
&#xD;
2019-09-30 10:43:29 - [TEST_STEP][PASSED] - tap(findTestObject("User_End_To_End_Flow/android.widget.TextView0 - POST"), 0): Tapped on element 'Object Repository/User_End_To_End_Flow/android.widget.TextView0 - POST'&#xD;
&#xD;
2019-09-30 10:43:29 - [MESSAGE][WARNING] - Timeout '0' is invalid. Using default page load timeout: '30'&#xD;
&#xD;
2019-09-30 10:43:32 - [MESSAGE][PASSED] - Tapped on element 'Object Repository/User_End_To_End_Flow/android.widget.TextView0 - POST'&#xD;
&#xD;
2019-09-30 10:43:32 - [TEST_STEP][PASSED] - tap(findTestObject("User_End_To_End_Flow/android.widget.FrameLayout0 (2)"), 0): Tapped on element 'Object Repository/User_End_To_End_Flow/android.widget.FrameLayout0 (2)'&#xD;
&#xD;
2019-09-30 10:43:32 - [MESSAGE][WARNING] - Timeout '0' is invalid. Using default page load timeout: '30'&#xD;
&#xD;
2019-09-30 10:43:34 - [MESSAGE][PASSED] - Tapped on element 'Object Repository/User_End_To_End_Flow/android.widget.FrameLayout0 (2)'&#xD;
&#xD;
2019-09-30 10:43:34 - [TEST_STEP][PASSED] - tap(findTestObject("User_End_To_End_Flow/android.widget.TextView0 - View All"), 0): Tapped on element 'Object Repository/User_End_To_End_Flow/android.widget.TextView0 - View All'&#xD;
&#xD;
2019-09-30 10:43:34 - [MESSAGE][WARNING] - Timeout '0' is invalid. Using default page load timeout: '30'&#xD;
&#xD;
2019-09-30 10:43:37 - [MESSAGE][PASSED] - Tapped on element 'Object Repository/User_End_To_End_Flow/android.widget.TextView0 - View All'&#xD;
&#xD;
2019-09-30 10:43:37 - [TEST_STEP][PASSED] - tap(findTestObject("User_End_To_End_Flow/android.widget.ImageButton0 (2)"), 0): Tapped on element 'Object Repository/User_End_To_End_Flow/android.widget.ImageButton0 (2)'&#xD;
&#xD;
2019-09-30 10:43:37 - [MESSAGE][WARNING] - Timeout '0' is invalid. Using default page load timeout: '30'&#xD;
&#xD;
2019-09-30 10:43:39 - [MESSAGE][PASSED] - Tapped on element 'Object Repository/User_End_To_End_Flow/android.widget.ImageButton0 (2)'&#xD;
&#xD;
2019-09-30 10:43:39 - [TEST_STEP][PASSED] - tap(findTestObject("User_End_To_End_Flow/android.widget.FrameLayout0 (3)"), 0): Tapped on element 'Object Repository/User_End_To_End_Flow/android.widget.FrameLayout0 (3)'&#xD;
&#xD;
2019-09-30 10:43:39 - [MESSAGE][WARNING] - Timeout '0' is invalid. Using default page load timeout: '30'&#xD;
&#xD;
2019-09-30 10:43:41 - [MESSAGE][PASSED] - Tapped on element 'Object Repository/User_End_To_End_Flow/android.widget.FrameLayout0 (3)'&#xD;
&#xD;
2019-09-30 10:43:41 - [TEST_STEP][PASSED] - tap(findTestObject("User_End_To_End_Flow/android.widget.LinearLayout0 (2)"), 0): Tapped on element 'Object Repository/User_End_To_End_Flow/android.widget.LinearLayout0 (2)'&#xD;
&#xD;
2019-09-30 10:43:41 - [MESSAGE][WARNING] - Timeout '0' is invalid. Using default page load timeout: '30'&#xD;
&#xD;
2019-09-30 10:43:42 - [MESSAGE][PASSED] - Tapped on element 'Object Repository/User_End_To_End_Flow/android.widget.LinearLayout0 (2)'&#xD;
&#xD;
2019-09-30 10:43:42 - [TEST_STEP][PASSED] - tap(findTestObject("User_End_To_End_Flow/android.widget.ImageView0 (2)"), 0): Tapped on element 'Object Repository/User_End_To_End_Flow/android.widget.ImageView0 (2)'&#xD;
&#xD;
2019-09-30 10:43:42 - [MESSAGE][WARNING] - Timeout '0' is invalid. Using default page load timeout: '30'&#xD;
&#xD;
2019-09-30 10:43:43 - [MESSAGE][PASSED] - Tapped on element 'Object Repository/User_End_To_End_Flow/android.widget.ImageView0 (2)'&#xD;
&#xD;
2019-09-30 10:43:43 - [TEST_STEP][PASSED] - tap(findTestObject("User_End_To_End_Flow/android.widget.LinearLayout0 (3)"), 0): Tapped on element 'Object Repository/User_End_To_End_Flow/android.widget.LinearLayout0 (3)'&#xD;
&#xD;
2019-09-30 10:43:43 - [MESSAGE][WARNING] - Timeout '0' is invalid. Using default page load timeout: '30'&#xD;
&#xD;
2019-09-30 10:43:47 - [MESSAGE][PASSED] - Tapped on element 'Object Repository/User_End_To_End_Flow/android.widget.LinearLayout0 (3)'&#xD;
&#xD;
2019-09-30 10:43:47 - [TEST_STEP][PASSED] - tap(findTestObject("User_End_To_End_Flow/android.widget.TextView0 - Yes"), 0): Tapped on element 'Object Repository/User_End_To_End_Flow/android.widget.TextView0 - Yes'&#xD;
&#xD;
2019-09-30 10:43:47 - [MESSAGE][WARNING] - Timeout '0' is invalid. Using default page load timeout: '30'&#xD;
&#xD;
2019-09-30 10:43:48 - [MESSAGE][PASSED] - Tapped on element 'Object Repository/User_End_To_End_Flow/android.widget.TextView0 - Yes'&#xD;
&#xD;
2019-09-30 10:43:48 - [TEST_STEP][PASSED] - closeApplication(): Close app successfully&#xD;
&#xD;
2019-09-30 10:43:50 - [MESSAGE][PASSED] - Close app successfully</system-out>
            <system-err></system-err>
        </testcase>
        <system-out>2019-09-30 10:24:58 - [TEST_SUITE][INCOMPLETE] - smoketest: null</system-out>
        <system-err>2019-09-30 10:24:58 - [TEST_SUITE][INCOMPLETE] - smoketest: null</system-err>
    </testsuite>
</testsuites>
